<?xml version="1.0" encoding="UTF-8"?>
<testsuite xmlns:xsi="http://www.w3.org/2001/XMLSchema-instance" xsi:noNamespaceSchemaLocation="https://maven.apache.org/surefire/maven-surefire-plugin/xsd/surefire-test-report-3.0.xsd" version="3.0" name="com.example.AppTest" time="0.847" tests="2" errors="0" skipped="0" failures="1">
  <properties>
[...]
</properties>
  <testcase name="mainMethodShouldNotThrowException" classname="com.example.AppTest" time="1.103">
    <system-out><![CDATA[00:47:40.976 [main] INFO org.springframework.boot.devtools.restart.RestartApplicationListener -- Restart disabled due to context in which it is running

  .   ____          _            __ _ _
 /\\ / ___'_ __ _ _(_)_ __  __ _ \ \ \ \
( ( )\___ | '_ | '_| | '_ \/ _` | \ \ \ \
 \\/  ___)| |_)| | | | | || (_| |  ) ) ) )
  '  |____| .__|_| |_|_| |_\__, | / / / /
 =========|_|==============|___/=/_/_/_/
 :: Spring Boot ::                (v3.2.3)

2025-06-07 00:47:41 [main] INFO  com.example.AppTest - Starting AppTest using Java 21.0.7 with PID 28832 (started by artemsharkov in /Users/artemsharkov/Documents/MyParser)
2025-06-07 00:47:41 [main] DEBUG com.example.AppTest - Running with Spring Boot v3.2.3, Spring v6.1.4
2025-06-07 00:47:41 [main] INFO  com.example.AppTest - No active profile set, falling back to 1 default profile: "default"
2025-06-07 00:47:41 [main] INFO  o.s.d.r.c.RepositoryConfigurationDelegate - Bootstrapping Spring Data JPA repositories in DEFAULT mode.
2025-06-07 00:47:41 [main] INFO  o.s.d.r.c.RepositoryConfigurationDelegate - Finished Spring Data repository scanning in 29 ms. Found 1 JPA repository interface.
2025-06-07 00:47:42 [main] INFO  o.h.jpa.internal.util.LogHelper - HHH000204: Processing PersistenceUnitInfo [name: default]
2025-06-07 00:47:42 [main] INFO  org.hibernate.Version - HHH000412: Hibernate ORM core version 6.4.4.Final
2025-06-07 00:47:42 [main] INFO  o.h.c.i.RegionFactoryInitiator - HHH000026: Second-level cache disabled
2025-06-07 00:47:42 [main] INFO  o.s.o.j.p.SpringPersistenceUnitInfo - No LoadTimeWeaver setup: ignoring JPA class transformer
2025-06-07 00:47:42 [main] INFO  com.zaxxer.hikari.HikariDataSource - HikariPool-1 - Starting...
2025-06-07 00:47:42 [main] INFO  com.zaxxer.hikari.pool.HikariPool - HikariPool-1 - Added connection org.postgresql.jdbc.PgConnection@13485e82
2025-06-07 00:47:42 [main] INFO  com.zaxxer.hikari.HikariDataSource - HikariPool-1 - Start completed.
2025-06-07 00:47:42 [main] WARN  org.hibernate.orm.deprecation - HHH90000025: PostgreSQLDialect does not need to be specified explicitly using 'hibernate.dialect' (remove the property setting and it will be selected by default)
2025-06-07 00:47:43 [main] INFO  o.h.e.t.j.p.i.JtaPlatformInitiator - HHH000489: No JTA platform available (set 'hibernate.transaction.jta.platform' to enable JTA platform integration)
2025-06-07 00:47:43 [main] INFO  o.s.o.j.LocalContainerEntityManagerFactoryBean - Initialized JPA EntityManagerFactory for persistence unit 'default'
2025-06-07 00:47:43 [main] INFO  o.s.d.j.r.query.QueryEnhancerFactory - Hibernate is in classpath; If applicable, HQL parser will be used.
2025-06-07 00:47:44 [main] WARN  o.s.b.a.o.j.JpaBaseConfiguration$JpaWebConfiguration - spring.jpa.open-in-view is enabled by default. Therefore, database queries may be performed during view rendering. Explicitly configure spring.jpa.open-in-view to disable this warning
2025-06-07 00:47:44 [main] INFO  o.s.b.a.w.s.WelcomePageHandlerMapping - Adding welcome page template: index
2025-06-07 00:47:44 [main] INFO  com.example.AppTest - Started AppTest in 3.727 seconds (process running for 4.576)
2025-06-07 00:47:44 [scheduling-1] INFO  c.e.service.general.VacancyLogger - Starting to fetch vacancies for language: scheduled and city: all
2025-06-07 00:47:44 [scheduling-1] INFO  c.e.service.general.VacancyLogger - Starting to fetch vacancies for language: Java and city: Москва
Hibernate: 
    select
        v1_0.id,
        v1_0.city,
        v1_0.company,
        v1_0.currency,
        v1_0.language,
        v1_0.link,
        v1_0.published_at,
        v1_0.requirement,
        v1_0.responsibility,
        v1_0.salary_from,
        v1_0.salary_to,
        v1_0.title 
    from
        vacancies v1_0 
    where
        (
            ? is null 
            or v1_0.language=?
        ) 
        and (
            ? is null 
            or v1_0.city=?
        )
2025-06-07 00:47:44 [scheduling-1] INFO  c.e.service.general.VacancyLogger - Found 396 existing vacancies in database
2025-06-07 00:47:44 [scheduling-1] INFO  c.e.service.general.VacancyLogger - Search parameters - Language: Java, City: Москва
2025-06-07 00:47:44 [scheduling-1] INFO  c.e.service.general.VacancyLogger - Adding existing vacancy: Java-разработчик at ИНВИТРО
2025-06-07 00:47:44 [scheduling-1] INFO  c.e.service.general.VacancyLogger - Adding existing vacancy: Java-разработчик в IT-компанию at Selsup
2025-06-07 00:47:44 [scheduling-1] INFO  c.e.service.general.VacancyLogger - Adding existing vacancy: Java-разработчик Middle at ГК Орбита
2025-06-07 00:47:44 [scheduling-1] INFO  c.e.service.general.VacancyLogger - Adding existing vacancy: Java developer at Снэп АйТи
2025-06-07 00:47:44 [scheduling-1] INFO  c.e.service.general.VacancyLogger - Adding existing vacancy: Java-разработчик (разработка баллистических систем) at БЮРО 1440
2025-06-07 00:47:44 [scheduling-1] INFO  c.e.service.general.VacancyLogger - Adding existing vacancy: Java-разработчик (офис на ИС, после удаленно) at Снэп АйТи
2025-06-07 00:47:44 [scheduling-1] INFO  c.e.service.general.VacancyLogger - Adding existing vacancy: Ведущий java-разработчик at А2М
2025-06-07 00:47:44 [scheduling-1] INFO  c.e.service.general.VacancyLogger - Adding existing vacancy: Java разработчик/Backend разработчик at ЮниСейф
2025-06-07 00:47:44 [scheduling-1] INFO  c.e.service.general.VacancyLogger - Adding existing vacancy: Стажер–разработчик Java at КРОК
2025-06-07 00:47:44 [scheduling-1] INFO  c.e.service.general.VacancyLogger - Adding existing vacancy: Java-разработчик at CORE
2025-06-07 00:47:44 [scheduling-1] INFO  c.e.service.general.VacancyLogger - Adding existing vacancy: Java-разработчик at Utrace
2025-06-07 00:47:44 [scheduling-1] INFO  c.e.service.general.VacancyLogger - Adding existing vacancy: Java-разработчик at AG Soft
2025-06-07 00:47:44 [scheduling-1] INFO  c.e.service.general.VacancyLogger - Adding existing vacancy: Java-разработчик at Синхро
2025-06-07 00:47:44 [scheduling-1] INFO  c.e.service.general.VacancyLogger - Adding existing vacancy: Разработчик JAVA 8 (legacy) at Транснефть-Технологии
2025-06-07 00:47:44 [scheduling-1] INFO  c.e.service.general.VacancyLogger - Adding existing vacancy: Java-разработчик at А2М
2025-06-07 00:47:44 [scheduling-1] INFO  c.e.service.general.VacancyLogger - Adding existing vacancy: Java/Kotlin разработчик at Антара
2025-06-07 00:47:44 [scheduling-1] INFO  c.e.service.general.VacancyLogger - Adding existing vacancy: Java-разработчик at R-Style Softlab (Эр-Стайл Софтлаб)
2025-06-07 00:47:44 [scheduling-1] INFO  c.e.service.general.VacancyLogger - Adding existing vacancy: Java-разработчик (Middle+/Senior) at СИГМА
2025-06-07 00:47:44 [scheduling-1] INFO  c.e.service.general.VacancyLogger - Adding existing vacancy: Java разработчик at Центр Новых Финансовых Сервисов
2025-06-07 00:47:44 [scheduling-1] INFO  c.e.service.general.VacancyLogger - Adding existing vacancy: Java-разработчик в проект страховой компании at VeryIT
2025-06-07 00:47:44 [scheduling-1] INFO  c.e.service.general.VacancyLogger - Adding existing vacancy: Java-разработчик младшего/среднего уровня (junior/middle Java developer) at НАО Инфоком
2025-06-07 00:47:44 [scheduling-1] INFO  c.e.service.general.VacancyLogger - Adding existing vacancy: Java-разработчик (middle) at DIS Group
2025-06-07 00:47:44 [scheduling-1] INFO  c.e.service.general.VacancyLogger - Adding existing vacancy: Дворник (ТН) at ГБУ "ЖИЛИЩНИК РАЙОНА ФИЛЕВСКИЙ ПАРК"
2025-06-07 00:47:44 [scheduling-1] INFO  c.e.service.general.VacancyLogger - Adding existing vacancy: Java разработчик Middle+/Senior at Ростелеком Информационные Технологии
2025-06-07 00:47:44 [scheduling-1] INFO  c.e.service.general.VacancyLogger - Adding existing vacancy: Java разработчик at НТЦ ЕЭС Информационные Комплексы
2025-06-07 00:47:44 [scheduling-1] INFO  c.e.service.general.VacancyLogger - Adding existing vacancy: Middle / Senior Java developer (Системы информационной безопасности) at Транснефть-Технологии
2025-06-07 00:47:44 [scheduling-1] INFO  c.e.service.general.VacancyLogger - Adding existing vacancy: Java-разработчик at INPAS
2025-06-07 00:47:44 [scheduling-1] INFO  c.e.service.general.VacancyLogger - Adding existing vacancy: Java-разработчик (Сениор, Мидл+) at Картнода
2025-06-07 00:47:44 [scheduling-1] INFO  c.e.service.general.VacancyLogger - Adding existing vacancy: Java Developer at Московская Биржа
2025-06-07 00:47:44 [scheduling-1] INFO  c.e.service.general.VacancyLogger - Adding existing vacancy: Java разработчик at Бэнкс Софт Системс
2025-06-07 00:47:44 [scheduling-1] INFO  c.e.service.general.VacancyLogger - Adding existing vacancy: Разработчик Java at ДЖЕЙКЕТ РАБОТА
2025-06-07 00:47:44 [scheduling-1] INFO  c.e.service.general.VacancyLogger - Adding existing vacancy: Senior Java разработчик at АТОН
2025-06-07 00:47:44 [scheduling-1] INFO  c.e.service.general.VacancyLogger - Adding existing vacancy: Junior Java-разработчик at Gridnine
2025-06-07 00:47:44 [scheduling-1] INFO  c.e.service.general.VacancyLogger - Adding existing vacancy: Java-разработчик at Фарватер
2025-06-07 00:47:44 [scheduling-1] INFO  c.e.service.general.VacancyLogger - Adding existing vacancy: Backend Developer (Java/Kotlin, Spring Boot, Oracle Database) at Форлинк
2025-06-07 00:47:44 [scheduling-1] INFO  c.e.service.general.VacancyLogger - Adding existing vacancy: Java-разработчик at Лига Цифровой Экономики
2025-06-07 00:47:44 [scheduling-1] INFO  c.e.service.general.VacancyLogger - Adding existing vacancy: Senior Java developer at Lamoda Tech
2025-06-07 00:47:44 [scheduling-1] INFO  c.e.service.general.VacancyLogger - Adding existing vacancy: Java разработчик (middle+/senior) at Swordfish Security
2025-06-07 00:47:44 [scheduling-1] INFO  c.e.service.general.VacancyLogger - Adding existing vacancy: Senior Java-разработчик / Java developer at HR GROW
2025-06-07 00:47:44 [scheduling-1] INFO  c.e.service.general.VacancyLogger - Adding existing vacancy: Java разработчик (middle) at MERLION
2025-06-07 00:47:44 [scheduling-1] INFO  c.e.service.general.VacancyLogger - Adding existing vacancy: Старший Java-разработчик at Синхро
2025-06-07 00:47:44 [scheduling-1] INFO  c.e.service.general.VacancyLogger - Adding existing vacancy: Java developer at РТЛабс
2025-06-07 00:47:44 [scheduling-1] INFO  c.e.service.general.VacancyLogger - Adding existing vacancy: Middle Java Developer at ИЦ АЙ-ТЕКО
2025-06-07 00:47:44 [scheduling-1] INFO  c.e.service.general.VacancyLogger - Adding existing vacancy: Middle Java разработчик (Страховой конвейер) at Страховая компания Сбербанк страхование
2025-06-07 00:47:44 [scheduling-1] INFO  c.e.service.general.VacancyLogger - Adding existing vacancy: Java-разработчик at getmatch
2025-06-07 00:47:44 [scheduling-1] INFO  c.e.service.general.VacancyLogger - Adding existing vacancy: Junior Java-разработчик at Рыбаков Алексей Николаевич
2025-06-07 00:47:44 [scheduling-1] INFO  c.e.service.general.VacancyLogger - Adding existing vacancy: Разработчик Java at Ростелеком Информационные Технологии
2025-06-07 00:47:44 [scheduling-1] INFO  c.e.service.general.VacancyLogger - Adding existing vacancy: Разработчик ( Java / React ) Платёжный сервис at ГКУ Инфогород
2025-06-07 00:47:44 [scheduling-1] INFO  c.e.service.general.VacancyLogger - Adding existing vacancy: Java-разработчик at Рефни
2025-06-07 00:47:44 [scheduling-1] INFO  c.e.service.general.VacancyLogger - Adding existing vacancy: Java Spring Boot разработчик at Юнитариус
2025-06-07 00:47:44 [scheduling-1] INFO  c.e.service.general.VacancyLogger - Adding existing vacancy: Java Developer at Дартс рекрутинг сервисез
2025-06-07 00:47:44 [scheduling-1] INFO  c.e.service.general.VacancyLogger - Adding existing vacancy: Java-разработчик at DCloud
2025-06-07 00:47:44 [scheduling-1] INFO  c.e.service.general.VacancyLogger - Adding existing vacancy: Java-разработчик at Кадровое Агентство ОК Консалт
2025-06-07 00:47:44 [scheduling-1] INFO  c.e.service.general.VacancyLogger - Adding existing vacancy: Java-разработчик at Насонов Ярослав Константинович
2025-06-07 00:47:44 [scheduling-1] INFO  c.e.service.general.VacancyLogger - Adding existing vacancy: Senior Java Developer at Правительство Москвы
2025-06-07 00:47:44 [scheduling-1] INFO  c.e.service.general.VacancyLogger - Adding existing vacancy: Senior Java разработчик at МКК Финмолл
2025-06-07 00:47:44 [scheduling-1] INFO  c.e.service.general.VacancyLogger - Adding existing vacancy: Senior Java developer at Hi, Rockits!
2025-06-07 00:47:44 [scheduling-1] INFO  c.e.service.general.VacancyLogger - Adding existing vacancy: QA Automation Engineer (Java) at Datanomica
2025-06-07 00:47:44 [scheduling-1] INFO  c.e.service.general.VacancyLogger - Adding existing vacancy: Java-разработчик at Кибернетика
2025-06-07 00:47:44 [scheduling-1] INFO  c.e.service.general.VacancyLogger - Adding existing vacancy: Middle Java Developer at Тайгер Трейд
2025-06-07 00:47:44 [scheduling-1] INFO  c.e.service.general.VacancyLogger - Adding existing vacancy: Senior Java-разработчик at ЛАНИТ
2025-06-07 00:47:44 [scheduling-1] INFO  c.e.service.general.VacancyLogger - Adding existing vacancy: Java-разработчик Middle at Единая Цифровая Платформа
2025-06-07 00:47:44 [scheduling-1] INFO  c.e.service.general.VacancyLogger - Adding existing vacancy: Java Developer at evrone.ru
2025-06-07 00:47:44 [scheduling-1] INFO  c.e.service.general.VacancyLogger - Adding existing vacancy: Java разработчик at MIA Dev
2025-06-07 00:47:44 [scheduling-1] INFO  c.e.service.general.VacancyLogger - Adding existing vacancy: Java-разработчик at Лаборатория Безопасных Систем
2025-06-07 00:47:44 [scheduling-1] INFO  c.e.service.general.VacancyLogger - Adding existing vacancy: Backend разработчик (Java, middle) at Ком3
2025-06-07 00:47:44 [scheduling-1] INFO  c.e.service.general.VacancyLogger - Adding existing vacancy: Java-разработчик (Junior) at Мираполис
2025-06-07 00:47:44 [scheduling-1] INFO  c.e.service.general.VacancyLogger - Adding existing vacancy: Middle+/Senior Kotlin/Java developer at X5 Tech
2025-06-07 00:47:44 [scheduling-1] INFO  c.e.service.general.VacancyLogger - Adding existing vacancy: Junior Java/Kotlin Developer at MostFinance
2025-06-07 00:47:44 [scheduling-1] INFO  c.e.service.general.VacancyLogger - Adding existing vacancy: Java-разработчик (middle/middle+) at ВСК, САО
2025-06-07 00:47:44 [scheduling-1] INFO  c.e.service.general.VacancyLogger - Adding existing vacancy: Senior Java разработчик at Кросстех Солюшнс Групп
2025-06-07 00:47:44 [scheduling-1] INFO  c.e.service.general.VacancyLogger - Adding existing vacancy: Java-разработчик at БФТ-Холдинг
2025-06-07 00:47:44 [scheduling-1] INFO  c.e.service.general.VacancyLogger - Adding existing vacancy: Senior Java Backend Engineer at Outlines Technologies
2025-06-07 00:47:44 [scheduling-1] INFO  c.e.service.general.VacancyLogger - Adding existing vacancy: Middle Java разработчик at Национальная Лотерея
2025-06-07 00:47:44 [scheduling-1] INFO  c.e.service.general.VacancyLogger - Adding existing vacancy: Разработчик Java / Java Developer (middle) at АГ-Логистик
2025-06-07 00:47:44 [scheduling-1] INFO  c.e.service.general.VacancyLogger - Adding existing vacancy: Java-разработчик at Аврора
2025-06-07 00:47:44 [scheduling-1] INFO  c.e.service.general.VacancyLogger - Adding existing vacancy: Middle Java / Kotlin Developer at 8B WORLD PTE. LTD.
2025-06-07 00:47:44 [scheduling-1] INFO  c.e.service.general.VacancyLogger - Adding existing vacancy: Тракторист at АНО "РП"
2025-06-07 00:47:44 [scheduling-1] INFO  c.e.service.general.VacancyLogger - Adding existing vacancy: Java-разработчик at Студия Олега Чулакова
2025-06-07 00:47:44 [scheduling-1] INFO  c.e.service.general.VacancyLogger - Adding existing vacancy: Java-разработчик (middle+) at Фаззи Лоджик Лабс
2025-06-07 00:47:44 [scheduling-1] INFO  c.e.service.general.VacancyLogger - Adding existing vacancy: Java-разработчик (Senior) at СК Сбербанк страхование жизни
2025-06-07 00:47:44 [scheduling-1] INFO  c.e.service.general.VacancyLogger - Adding existing vacancy: Senior Backend Developer (Java/Kotlin) at ДэвТим-Групп
2025-06-07 00:47:44 [scheduling-1] INFO  c.e.service.general.VacancyLogger - Adding existing vacancy: Java-разработчик Middle + at Фабрика Решений
2025-06-07 00:47:44 [scheduling-1] INFO  c.e.service.general.VacancyLogger - Adding existing vacancy: Lead Java Developer at Lenkep recruitment
2025-06-07 00:47:44 [scheduling-1] INFO  c.e.service.general.VacancyLogger - Adding existing vacancy: Java-разработчик Middle+ at Datanomica
2025-06-07 00:47:44 [scheduling-1] INFO  c.e.service.general.VacancyLogger - Adding existing vacancy: Java-разработчик (Middle) at НИИАС
2025-06-07 00:47:44 [scheduling-1] INFO  c.e.service.general.VacancyLogger - Adding existing vacancy: Middle Разработчик Java (PKI) at ИЦ АЙ-ТЕКО
2025-06-07 00:47:44 [scheduling-1] INFO  c.e.service.general.VacancyLogger - Adding existing vacancy: Middle Java-разработчик at СИНАПС ТЕХНОЛОДЖИ
2025-06-07 00:47:44 [scheduling-1] INFO  c.e.service.general.VacancyLogger - Adding existing vacancy: Водитель автомобиля at АНО "РП"
2025-06-07 00:47:44 [scheduling-1] INFO  c.e.service.general.VacancyLogger - Adding existing vacancy: Senior Java developer at RedLab
2025-06-07 00:47:44 [scheduling-1] INFO  c.e.service.general.VacancyLogger - Adding existing vacancy: Java разработчик at Цифровые технологии и платформы
2025-06-07 00:47:44 [scheduling-1] INFO  c.e.service.general.VacancyLogger - Adding existing vacancy: Scala/java developer at Datanomica
2025-06-07 00:47:44 [scheduling-1] INFO  c.e.service.general.VacancyLogger - Adding existing vacancy: QA Automation инженер (Java) at Deventica
2025-06-07 00:47:44 [scheduling-1] INFO  c.e.service.general.VacancyLogger - Adding existing vacancy: Java-разработчик at Аналитика ИТ Лаб
2025-06-07 00:47:44 [scheduling-1] INFO  c.e.service.general.VacancyLogger - Adding existing vacancy: Java-разработчик at Лига Цифровой Экономики
2025-06-07 00:47:44 [scheduling-1] INFO  c.e.service.general.VacancyLogger - Adding existing vacancy: Разработчик Java/Kotlin at РТК – Цифровой документооборот
2025-06-07 00:47:44 [scheduling-1] INFO  c.e.service.general.VacancyLogger - Adding existing vacancy: Java Developer (middle) at Московский филиал АО ЦентрИнформ
2025-06-07 00:47:44 [scheduling-1] INFO  c.e.service.general.VacancyLogger - Adding existing vacancy: Senior Kotlin/Java Developer at Xello
2025-06-07 00:47:44 [scheduling-1] INFO  c.e.service.general.VacancyLogger - Adding existing vacancy: Head of Backend (Java/Kotlin) at Clear Mind
2025-06-07 00:47:44 [scheduling-1] INFO  c.e.service.general.VacancyLogger - Adding existing vacancy: Senior java разработчик at Интерфакс
2025-06-07 00:47:44 [scheduling-1] INFO  c.e.service.general.VacancyLogger - Adding existing vacancy: Рабочий комплексной уборки at АНО "РП"
2025-06-07 00:47:44 [scheduling-1] INFO  c.e.service.general.VacancyLogger - Adding existing vacancy: Оператор склада at ООО "МП"
2025-06-07 00:47:44 [scheduling-1] INFO  c.e.service.general.VacancyLogger - Adding existing vacancy: Механик at АНО "РП"
2025-06-07 00:47:44 [scheduling-1] INFO  c.e.service.general.VacancyLogger - Adding existing vacancy: Рабочий зеленого хозяйства at АНО "РП"
2025-06-07 00:47:44 [scheduling-1] INFO  c.e.service.general.VacancyLogger - Adding existing vacancy: Режиссер at ООО "РАЗВЛЕКАТЕЛЬНЫЙ ЦЕНТР"
2025-06-07 00:47:44 [scheduling-1] INFO  c.e.service.general.VacancyLogger - Adding existing vacancy: Специалист по метрологии (метролог) at ГБУ "ЖИЛИЩНИК ДМИТРОВСКОГО РАЙОНА"
2025-06-07 00:47:44 [scheduling-1] INFO  c.e.service.general.VacancyLogger - Adding existing vacancy: Техник at ООО "МЕТРО КЭШ ЭНД КЕРРИ"
2025-06-07 00:47:44 [scheduling-1] INFO  c.e.service.general.VacancyLogger - Adding existing vacancy: Слесарь-электромонтажник at ФИЛИАЛ ФГУП "ГРЧЦ" В ЦЕНТРАЛЬНОМ ФЕДЕРАЛЬНОМ ОКРУГЕ
2025-06-07 00:47:44 [scheduling-1] INFO  c.e.service.general.VacancyLogger - Adding existing vacancy: Ведущий специалист ПЭО at ОАО НПО "РОДИНА"
2025-06-07 00:47:44 [scheduling-1] INFO  c.e.service.general.VacancyLogger - Adding existing vacancy: Инженер-конструктор отдела гидравлических агрегатов и рулевых приводов at ОАО НПО "РОДИНА"
2025-06-07 00:47:44 [scheduling-1] INFO  c.e.service.general.VacancyLogger - Adding existing vacancy: Контролер-инструментальщик at ООО "М СНАБ"
2025-06-07 00:47:44 [scheduling-1] INFO  c.e.service.general.VacancyLogger - Adding existing vacancy: Монтажник по монтажу стальных и железобетонных конструкций at ООО "СК ГАЛЛЕОН"
2025-06-07 00:47:44 [scheduling-1] INFO  c.e.service.general.VacancyLogger - Adding existing vacancy: Начальник сектора по обслуживанию автоматической телефонной станции at ГБУ Финансово-Хозяйственное Управление
2025-06-07 00:47:44 [scheduling-1] INFO  c.e.service.general.VacancyLogger - Adding existing vacancy: Дежурный по комплексу зданий at ГБУ Финансово-Хозяйственное Управление
2025-06-07 00:47:44 [scheduling-1] INFO  c.e.service.general.VacancyLogger - Adding existing vacancy: Инженер по защите информации at ООО "ВАРТАМАНА ИНТЕРНЭШНЛ ТРЕДЕРС"
2025-06-07 00:47:44 [scheduling-1] INFO  c.e.service.general.VacancyLogger - Adding existing vacancy: Инженер-энергетик at АО "РЕАТЭКС"
2025-06-07 00:47:44 [scheduling-1] INFO  c.e.service.general.VacancyLogger - Adding existing vacancy: Охранник 4 разряда at ООО "ЧОО "СОКОЛ"
2025-06-07 00:47:44 [scheduling-1] INFO  c.e.service.general.VacancyLogger - Adding existing vacancy: Упаковщик-фасовщик полуфабрикатов (вахта) at ИП Колмыкова Ольга Юрьевна
2025-06-07 00:47:44 [scheduling-1] INFO  c.e.service.general.VacancyLogger - Adding existing vacancy: Комплектовщик (вахта) at ИП Колмыкова Ольга Юрьевна
2025-06-07 00:47:44 [scheduling-1] INFO  c.e.service.general.VacancyLogger - Adding existing vacancy: Кладовщик-комплектовщик (вахта) at ИП Колмыкова Ольга Юрьевна
2025-06-07 00:47:44 [scheduling-1] INFO  c.e.service.general.VacancyLogger - Adding existing vacancy: Грузчик на почтовый склад (вахта) at ИП Колмыкова Ольга Юрьевна
2025-06-07 00:47:44 [scheduling-1] INFO  c.e.service.general.VacancyLogger - Adding existing vacancy: Специалист технической поддержки at ООО "ТАЙЛЕ РУС"
2025-06-07 00:47:44 [scheduling-1] INFO  c.e.service.general.VacancyLogger - Adding existing vacancy: Грузчик -разнорабочий на склад (вахта) at ИП Колмыкова Ольга Юрьевна
2025-06-07 00:47:44 [scheduling-1] INFO  c.e.service.general.VacancyLogger - Adding existing vacancy: Грузчик (теплый склад) at ИП Колмыкова Ольга Юрьевна
2025-06-07 00:47:44 [scheduling-1] INFO  c.e.service.general.VacancyLogger - Adding existing vacancy: Комплектовщик -маркировщик (вахта) at ИП Колмыкова Ольга Юрьевна
2025-06-07 00:47:44 [scheduling-1] INFO  c.e.service.general.VacancyLogger - Adding existing vacancy: Грузчик at ИП Колмыкова Ольга Юрьевна
2025-06-07 00:47:44 [scheduling-1] INFO  c.e.service.general.VacancyLogger - Adding existing vacancy: помощник воспитателя at ГБОУ ШКОЛА № 1253
2025-06-07 00:47:44 [scheduling-1] INFO  c.e.service.general.VacancyLogger - Adding existing vacancy: помощник воспитателя at ГБОУ ШКОЛА № 1253
2025-06-07 00:47:44 [scheduling-1] INFO  c.e.service.general.VacancyLogger - Adding existing vacancy: Охранник 4 разряда at ООО "ЧОО "СОКОЛ"
2025-06-07 00:47:44 [scheduling-1] INFO  c.e.service.general.VacancyLogger - Adding existing vacancy: Старший менеджер по обслуживанию (ЦСКА) at Сбербанк России, ПАО
2025-06-07 00:47:44 [scheduling-1] INFO  c.e.service.general.VacancyLogger - Adding existing vacancy: Специалист административно-хозяйственного отдела at Сбербанк России, ПАО
2025-06-07 00:47:44 [scheduling-1] INFO  c.e.service.general.VacancyLogger - Adding existing vacancy: Логист в транспортную компанию at ООО "Джобкарт"
2025-06-07 00:47:44 [scheduling-1] INFO  c.e.service.general.VacancyLogger - Adding existing vacancy: Старший менеджер по обслуживанию at Сбербанк России, ПАО
2025-06-07 00:47:44 [scheduling-1] INFO  c.e.service.general.VacancyLogger - Adding existing vacancy: Специалист единого контакт-центра at ГБУ МФЦ ГОРОДА МОСКВЫ
2025-06-07 00:47:44 [scheduling-1] INFO  c.e.service.general.VacancyLogger - Adding existing vacancy: Специалист управления информационной безопасности at ГБУ МФЦ ГОРОДА МОСКВЫ
2025-06-07 00:47:44 [scheduling-1] INFO  c.e.service.general.VacancyLogger - Adding existing vacancy: Уборщик служебных помещений at ГБУ ДО МКСШОР "ВОСТОК"
2025-06-07 00:47:44 [scheduling-1] INFO  c.e.service.general.VacancyLogger - Adding existing vacancy: Старший клиентский менеджер at Сбербанк России, ПАО
2025-06-07 00:47:44 [scheduling-1] INFO  c.e.service.general.VacancyLogger - Adding existing vacancy: Старший клиентский менеджер (м. Строгино) at Сбербанк России, ПАО
2025-06-07 00:47:44 [scheduling-1] INFO  c.e.service.general.VacancyLogger - Adding existing vacancy: Старший клиентский менеджер (м. Свиблово) at Сбербанк России, ПАО
2025-06-07 00:47:44 [scheduling-1] INFO  c.e.service.general.VacancyLogger - Adding existing vacancy: Старший клиентский менеджер at Сбербанк России, ПАО
2025-06-07 00:47:44 [scheduling-1] INFO  c.e.service.general.VacancyLogger - Adding existing vacancy: Старший клиентский менеджер (м. Измайловская) at Сбербанк России, ПАО
2025-06-07 00:47:44 [scheduling-1] INFO  c.e.service.general.VacancyLogger - Adding existing vacancy: Старший клиентский менеджер (м. Нижегородская) at Сбербанк России, ПАО
2025-06-07 00:47:44 [scheduling-1] INFO  c.e.service.general.VacancyLogger - Adding existing vacancy: Старший клиентский менеджер at Сбербанк России, ПАО
2025-06-07 00:47:44 [scheduling-1] INFO  c.e.service.general.VacancyLogger - Adding existing vacancy: Старший клиентский менеджер (Выхино) at Сбербанк России, ПАО
2025-06-07 00:47:44 [scheduling-1] INFO  c.e.service.general.VacancyLogger - Adding existing vacancy: Помощник руководителя / секретарь at ИП Алиев Руслан Чингизович
2025-06-07 00:47:44 [scheduling-1] INFO  c.e.service.general.VacancyLogger - Adding existing vacancy: Бухгалтер at ООО "Джейкет.ру"
2025-06-07 00:47:44 [scheduling-1] INFO  c.e.service.general.VacancyLogger - Adding existing vacancy: музейный смотритель at ТЕАТРАЛЬНЫЙ МУЗЕЙ ИМ. А.А. БАХРУШИНА, БАХРУШИНСКИЙ МУЗЕЙ
2025-06-07 00:47:44 [scheduling-1] INFO  c.e.service.general.VacancyLogger - Adding existing vacancy: Педагог-хореограф at ООО "Джейкет.ру"
2025-06-07 00:47:44 [scheduling-1] INFO  c.e.service.general.VacancyLogger - Adding existing vacancy: Старший клиентский менеджер (м. Новокосино) at Сбербанк России, ПАО
2025-06-07 00:47:44 [scheduling-1] INFO  c.e.service.general.VacancyLogger - Adding existing vacancy: Учитель русского языка и литературы at ГБОУ ШКОЛА № 1324
2025-06-07 00:47:44 [scheduling-1] INFO  c.e.service.general.VacancyLogger - Adding existing vacancy: Бухгалтер at Обособленное подразделение АО "Апатит" в г. Москве
2025-06-07 00:47:44 [scheduling-1] INFO  c.e.service.general.VacancyLogger - Adding existing vacancy: Аналитик at ООО "БФТ"
2025-06-07 00:47:44 [scheduling-1] INFO  c.e.service.general.VacancyLogger - Adding existing vacancy: Инженер-электроник at ООО ТПК "ВАРТОН"
2025-06-07 00:47:44 [scheduling-1] INFO  c.e.service.general.VacancyLogger - Adding existing vacancy: Учитель биологии at ГБОУ ШКОЛА № 1793
2025-06-07 00:47:44 [scheduling-1] INFO  c.e.service.general.VacancyLogger - Adding existing vacancy: Инженер-проектировщик at ООО "ГЛОБАЛ МЭП"
2025-06-07 00:47:44 [scheduling-1] INFO  c.e.service.general.VacancyLogger - Adding existing vacancy: Дворник at ООО "ТЕХЖИЛКОМСТРОЙ"
2025-06-07 00:47:44 [scheduling-1] INFO  c.e.service.general.VacancyLogger - Adding existing vacancy: Водитель автомобиля at ООО "ТЕХЖИЛКОМСТРОЙ"
2025-06-07 00:47:44 [scheduling-1] INFO  c.e.service.general.VacancyLogger - Adding existing vacancy: Главный специалист по микропроцессорным системам РЗА at АО "ОЭК"
2025-06-07 00:47:44 [scheduling-1] INFO  c.e.service.general.VacancyLogger - Adding existing vacancy: Специалист по оцифровке бумажных документов at ФИЛИАЛ ПУБЛИЧНО-ПРАВОВОЙ КОМПАНИИ "РОСКАДАСТР" ПО МОСКВЕ
2025-06-07 00:47:44 [scheduling-1] INFO  c.e.service.general.VacancyLogger - Adding existing vacancy: Инженер-программист микроконтроллеров junior at АО "РОССИЙСКИЕ КОСМИЧЕСКИЕ СИСТЕМЫ"
2025-06-07 00:47:44 [scheduling-1] INFO  c.e.service.general.VacancyLogger - Adding existing vacancy: Специалист по закупкам at ФКУ "ГБ МСЭ ПО МОСКОВСКОЙ ОБЛАСТИ" МИНТРУДА РОССИИ
2025-06-07 00:47:44 [scheduling-1] INFO  c.e.service.general.VacancyLogger - Adding existing vacancy: Рабочий по комплексному  обслуживанию и ремонту здания at ГБОУ ШКОЛА № 1253
2025-06-07 00:47:44 [scheduling-1] INFO  c.e.service.general.VacancyLogger - Adding existing vacancy: Разработчик ПЛИС at АО "РОССИЙСКИЕ КОСМИЧЕСКИЕ СИСТЕМЫ"
2025-06-07 00:47:44 [scheduling-1] INFO  c.e.service.general.VacancyLogger - Adding existing vacancy: Менеджер по работе с клиентами (китайский язык) at VK
2025-06-07 00:47:44 [scheduling-1] INFO  c.e.service.general.VacancyLogger - Adding existing vacancy: Ведущий инженер радиоэлектронных систем at АО "РОССИЙСКИЕ КОСМИЧЕСКИЕ СИСТЕМЫ"
2025-06-07 00:47:44 [scheduling-1] INFO  c.e.service.general.VacancyLogger - Adding existing vacancy: Инженер-схемотехник at АО "РОССИЙСКИЕ КОСМИЧЕСКИЕ СИСТЕМЫ"
2025-06-07 00:47:44 [scheduling-1] INFO  c.e.service.general.VacancyLogger - Adding existing vacancy: Водитель автомобиля at ФГБУ "НМИЦ ОНКОЛОГИИ ИМ. Н.Н. БЛОХИНА" МИНЗДРАВА РОССИИ
2025-06-07 00:47:44 [scheduling-1] INFO  c.e.service.general.VacancyLogger - Adding existing vacancy: Инженер-программист 3 категории (FPGA Developer) at АО "РОССИЙСКИЕ КОСМИЧЕСКИЕ СИСТЕМЫ"
2025-06-07 00:47:44 [scheduling-1] INFO  c.e.service.general.VacancyLogger - Adding existing vacancy: Техник по испытаниям ЭКБ at АО "РОССИЙСКИЕ КОСМИЧЕСКИЕ СИСТЕМЫ"
2025-06-07 00:47:44 [scheduling-1] INFO  c.e.service.general.VacancyLogger - Adding existing vacancy: Фрезеровщик 4 разряда-6 разряда at АО "РОССИЙСКИЕ КОСМИЧЕСКИЕ СИСТЕМЫ"
2025-06-07 00:47:44 [scheduling-1] INFO  c.e.service.general.VacancyLogger - Adding existing vacancy: Ведущий инженер-исследователь в области разработки ПО под микроконтроллеры at АО "РОССИЙСКИЕ КОСМИЧЕСКИЕ СИСТЕМЫ"
2025-06-07 00:47:44 [scheduling-1] INFO  c.e.service.general.VacancyLogger - Adding existing vacancy: Схемотехник по спутниковой навигации at АО "РОССИЙСКИЕ КОСМИЧЕСКИЕ СИСТЕМЫ"
2025-06-07 00:47:44 [scheduling-1] INFO  c.e.service.general.VacancyLogger - Adding existing vacancy: Ведущий экономист at АО "РОССИЙСКИЕ КОСМИЧЕСКИЕ СИСТЕМЫ"
2025-06-07 00:47:44 [scheduling-1] INFO  c.e.service.general.VacancyLogger - Adding existing vacancy: Ветеринарный врач at ГБУ "МОСВЕТОБЪЕДИНЕНИЕ"
2025-06-07 00:47:44 [scheduling-1] INFO  c.e.service.general.VacancyLogger - Adding existing vacancy: Ветеринарный врач at ГБУ "МОСВЕТОБЪЕДИНЕНИЕ"
2025-06-07 00:47:44 [scheduling-1] INFO  c.e.service.general.VacancyLogger - Adding existing vacancy: Инженер-разработчик ПЛИС и микроконтроллеров at АО "РОССИЙСКИЕ КОСМИЧЕСКИЕ СИСТЕМЫ"
2025-06-07 00:47:44 [scheduling-1] INFO  c.e.service.general.VacancyLogger - Adding existing vacancy: Ветеринарный врач at ГБУ "МОСВЕТОБЪЕДИНЕНИЕ"
2025-06-07 00:47:44 [scheduling-1] INFO  c.e.service.general.VacancyLogger - Adding existing vacancy: Сетевой инженер at АО "РОССИЙСКИЕ КОСМИЧЕСКИЕ СИСТЕМЫ"
2025-06-07 00:47:44 [scheduling-1] INFO  c.e.service.general.VacancyLogger - Adding existing vacancy: Ветеринарный фельдшер at ГБУ "МОСВЕТОБЪЕДИНЕНИЕ"
2025-06-07 00:47:44 [scheduling-1] INFO  c.e.service.general.VacancyLogger - Adding existing vacancy: Специалист по парамедицинскому педикюру (подолог) at ИНДИВИДУАЛЬНЫЙ ПРЕДПРИНИМАТЕЛЬ ПРОШИНА ВЕРА НИКОЛАЕВНА
2025-06-07 00:47:44 [scheduling-1] INFO  c.e.service.general.VacancyLogger - Adding existing vacancy: Аналитик по расходам и численности дочерних компаний Сбера at Сбербанк России, ПАО
2025-06-07 00:47:44 [scheduling-1] INFO  c.e.service.general.VacancyLogger - Adding existing vacancy: Товаровед ломбарда at ООО "Фора-Ломбард"
2025-06-07 00:47:44 [scheduling-1] INFO  c.e.service.general.VacancyLogger - Adding existing vacancy: Машинист мини-погрузчика at ИП Алиев Руслан Чингизович
2025-06-07 00:47:44 [scheduling-1] INFO  c.e.service.general.VacancyLogger - Adding existing vacancy: Кладовщик at ООО "Джобкарт"
2025-06-07 00:47:44 [scheduling-1] INFO  c.e.service.general.VacancyLogger - Adding existing vacancy: Преподаватель спецдисциплин (сантехнические устройства, кондиционирование и вентиляция воздуха) at ГБПОУ города Москвы «Образовательный комплекс градостроительства «Столица»
2025-06-07 00:47:44 [scheduling-1] INFO  c.e.service.general.VacancyLogger - Adding existing vacancy: Ветеринарный врач at ГБУ "МОСВЕТОБЪЕДИНЕНИЕ"
2025-06-07 00:47:44 [scheduling-1] INFO  c.e.service.general.VacancyLogger - Adding existing vacancy: Инженер по защите информации at ООО "ОПАЛ-ТРЕЙДИНГ"
2025-06-07 00:47:44 [scheduling-1] INFO  c.e.service.general.VacancyLogger - Adding existing vacancy: Специалист по разработке программ испытаний ЭКБ at АО "РОССИЙСКИЕ КОСМИЧЕСКИЕ СИСТЕМЫ"
2025-06-07 00:47:44 [scheduling-1] INFO  c.e.service.general.VacancyLogger - Adding existing vacancy: Руководитель проекта по планированию и координации at АО "КОНЦЕРН ВКО "АЛМАЗ - АНТЕЙ"
2025-06-07 00:47:44 [scheduling-1] INFO  c.e.service.general.VacancyLogger - Adding existing vacancy: Руководитель проекта по координации at АО "КОНЦЕРН ВКО "АЛМАЗ - АНТЕЙ"
2025-06-07 00:47:44 [scheduling-1] INFO  c.e.service.general.VacancyLogger - Adding existing vacancy: Заместитель начальника отдела инженерного проектирования at АО "КОНЦЕРН ВКО "АЛМАЗ - АНТЕЙ"
2025-06-07 00:47:44 [scheduling-1] INFO  c.e.service.general.VacancyLogger - Adding existing vacancy: Инженер-программист C++ at АО "КОНЦЕРН ВКО "АЛМАЗ - АНТЕЙ"
2025-06-07 00:47:44 [scheduling-1] INFO  c.e.service.general.VacancyLogger - Adding existing vacancy: Специалист по охране труда at ООО "МОДТФИЛ-М"
2025-06-07 00:47:44 [scheduling-1] INFO  c.e.service.general.VacancyLogger - Adding existing vacancy: Медицинская сестра по массажу at ООО "КОНТУР"
2025-06-07 00:47:44 [scheduling-1] INFO  c.e.service.general.VacancyLogger - Adding existing vacancy: Инженер по защите информации at ООО "ОПАЛ-ТРЕЙДИНГ"
2025-06-07 00:47:44 [scheduling-1] INFO  c.e.service.general.VacancyLogger - Adding existing vacancy: Инженер по организации управления производством at ООО "ОПАЛ-ТРЕЙДИНГ"
2025-06-07 00:47:44 [scheduling-1] INFO  c.e.service.general.VacancyLogger - Adding existing vacancy: Управляющий предприятия at ООО "ОПАЛ-ТРЕЙДИНГ"
2025-06-07 00:47:44 [scheduling-1] INFO  c.e.service.general.VacancyLogger - Adding existing vacancy: Директор по экономике at ООО "ОПАЛ-ТРЕЙДИНГ"
2025-06-07 00:47:44 [scheduling-1] INFO  c.e.service.general.VacancyLogger - Adding existing vacancy: Инженер-программист at ООО "ОПАЛ-ТРЕЙДИНГ"
2025-06-07 00:47:44 [scheduling-1] INFO  c.e.service.general.VacancyLogger - Adding existing vacancy: Электромонтёр по ремонту и обслуживанию оборудования at АО "ЦДТ НА ЛЕНИНСКОМ"
2025-06-07 00:47:44 [scheduling-1] INFO  c.e.service.general.VacancyLogger - Adding existing vacancy: Слесарь по контрольно-измерительным приборам и автоматике at ООО "ТРЭЙД ИНВЕСТМЕНТС"
2025-06-07 00:47:44 [scheduling-1] INFO  c.e.service.general.VacancyLogger - Adding existing vacancy: Бухгалтер at ООО "ГРАНД СЕРВИС БИЛДИНГ"
2025-06-07 00:47:44 [scheduling-1] INFO  c.e.service.general.VacancyLogger - Adding existing vacancy: Техник по эксплуатации at АО "ОЛИМП"
2025-06-07 00:47:44 [scheduling-1] INFO  c.e.service.general.VacancyLogger - Adding existing vacancy: экономист at АО "СК ФЛАН-М"
2025-06-07 00:47:44 [scheduling-1] INFO  c.e.service.general.VacancyLogger - Adding existing vacancy: Ассистент отдела ВЭД at ООО "КОМПАНИЯ ЮТА"
2025-06-07 00:47:44 [scheduling-1] INFO  c.e.service.general.VacancyLogger - Adding existing vacancy: Ведущий специалист отдела кадров at ФГБУ "ГЛАВРЫБВОД"
2025-06-07 00:47:44 [scheduling-1] INFO  c.e.service.general.VacancyLogger - Adding existing vacancy: Младший аналитик (управление исследований и публикаций) at Центральный банк Российской Федерации (Банк России)
2025-06-07 00:47:44 [scheduling-1] INFO  c.e.service.general.VacancyLogger - Adding existing vacancy: Начальник отдела администрирования ЕИС и оформления соглашений at ГНИВЦ
2025-06-07 00:47:44 [scheduling-1] INFO  c.e.service.general.VacancyLogger - Adding existing vacancy: Data Scientist (риск-моделирование) at Центральный банк Российской Федерации (Банк России)
2025-06-07 00:47:44 [scheduling-1] INFO  c.e.service.general.VacancyLogger - Adding existing vacancy: Кассир-консультант at Лемана ПРО
2025-06-07 00:47:44 [scheduling-1] INFO  c.e.service.general.VacancyLogger - Adding existing vacancy: TeamLead Java (отзыв рублевого платежного поручения) at СБЕР
2025-06-07 00:47:44 [scheduling-1] INFO  c.e.service.general.VacancyLogger - Adding existing vacancy: Продавец-консультант at Лемана ПРО
2025-06-07 00:47:44 [scheduling-1] INFO  c.e.service.general.VacancyLogger - Adding existing vacancy: AI инженер (создание и внедрение AI-агентов) at СБЕР
2025-06-07 00:47:44 [scheduling-1] INFO  c.e.service.general.VacancyLogger - Adding existing vacancy: Ведущий специалист по охране труда at СБЕР
2025-06-07 00:47:44 [scheduling-1] INFO  c.e.service.general.VacancyLogger - Adding existing vacancy: Инженер-монтажник по установке оборудования и подключению интернета at МТС
2025-06-07 00:47:44 [scheduling-1] INFO  c.e.service.general.VacancyLogger - Adding existing vacancy: Старший клиентский менеджер (м. Строгино) at СБЕР
2025-06-07 00:47:44 [scheduling-1] INFO  c.e.service.general.VacancyLogger - Adding existing vacancy: Методолог (кластер "Фиксированная оплата") at СБЕР
2025-06-07 00:47:44 [scheduling-1] INFO  c.e.service.general.VacancyLogger - Adding existing vacancy: Специалист отдела контроля качества (лаборатории) at ГБУ "Автомобильные дороги"
2025-06-07 00:47:44 [scheduling-1] INFO  c.e.service.general.VacancyLogger - Adding existing vacancy: Водитель-экспедитор на автомобиль компании (категория В/С) at ООО ТД "ЛФБ"
2025-06-07 00:47:44 [scheduling-1] INFO  c.e.service.general.VacancyLogger - Adding existing vacancy: Специалист отдела пожарной безопасности at ГБУ "Автомобильные дороги"
2025-06-07 00:47:44 [scheduling-1] INFO  c.e.service.general.VacancyLogger - Adding existing vacancy: Специалист-теплотехник/ теплоэнергетик at ГБУ "Автомобильные дороги"
2025-06-07 00:47:44 [scheduling-1] INFO  c.e.service.general.VacancyLogger - Adding existing vacancy: повар at ИП КХУАТ Т.
2025-06-07 00:47:44 [scheduling-1] INFO  c.e.service.general.VacancyLogger - Adding existing vacancy: Контролер технического состояния транспортных средств (механик по выпуску транспорта) at ГБУ "Автомобильные дороги"
2025-06-07 00:47:44 [scheduling-1] INFO  c.e.service.general.VacancyLogger - Adding existing vacancy: Мастер отдела благоустройства и содержания at ГБУ "Автомобильные дороги"
2025-06-07 00:47:44 [scheduling-1] INFO  c.e.service.general.VacancyLogger - Adding existing vacancy: Почтальон at Почта России
2025-06-07 00:47:44 [scheduling-1] INFO  c.e.service.general.VacancyLogger - Adding existing vacancy: Почтальон at Почта России
2025-06-07 00:47:44 [scheduling-1] INFO  c.e.service.general.VacancyLogger - Adding existing vacancy: Повар at ИП ЛЫОНГ Т.
2025-06-07 00:47:44 [scheduling-1] INFO  c.e.service.general.VacancyLogger - Adding existing vacancy: Почтальон at Почта России
2025-06-07 00:47:44 [scheduling-1] INFO  c.e.service.general.VacancyLogger - Adding existing vacancy: продавец-консультант at ООО "ГЕОКС РУС"
2025-06-07 00:47:44 [scheduling-1] INFO  c.e.service.general.VacancyLogger - Adding existing vacancy: Рабочий по комплексному обслуживанию и ремонту зданий at ВГТРК
2025-06-07 00:47:44 [scheduling-1] INFO  c.e.service.general.VacancyLogger - Adding existing vacancy: продавец-консультант at ООО "ГЕОКС РУС"
2025-06-07 00:47:44 [scheduling-1] INFO  c.e.service.general.VacancyLogger - Adding existing vacancy: Водитель автомобиля at ВГТРК
2025-06-07 00:47:44 [scheduling-1] INFO  c.e.service.general.VacancyLogger - Adding existing vacancy: Бухгалтер-кассир, бухгалтер на первичную документацию at МКА Клишин и Партнеры
2025-06-07 00:47:44 [scheduling-1] INFO  c.e.service.general.VacancyLogger - Adding existing vacancy: Менеджер маркетплейса at ООО "Джейкет.ру"
2025-06-07 00:47:44 [scheduling-1] INFO  c.e.service.general.VacancyLogger - Adding existing vacancy: Инженер по организации управления производством at ООО "ВЕЛИПРОФИТ"
2025-06-07 00:47:44 [scheduling-1] INFO  c.e.service.general.VacancyLogger - Adding existing vacancy: главный специалист бюро главных инженеров проектов at ПРОЕКТНО-ИЗЫСКАТЕЛЬСКИЙ ИНСТИТУТ ЭЛЕКТРИФИКАЦИИ ЖЕЛЕЗНЫХ ДОРОГ И ЭНЕРГЕТИЧЕСКИХ УСТАНОВОК "ТРАНСЭЛЕКТРОПРОЕКТ"
2025-06-07 00:47:44 [scheduling-1] INFO  c.e.service.general.VacancyLogger - Adding existing vacancy: техник отдела выпуска проектов at ПРОЕКТНО-ИЗЫСКАТЕЛЬСКИЙ ИНСТИТУТ ЭЛЕКТРИФИКАЦИИ ЖЕЛЕЗНЫХ ДОРОГ И ЭНЕРГЕТИЧЕСКИХ УСТАНОВОК "ТРАНСЭЛЕКТРОПРОЕКТ"
2025-06-07 00:47:44 [scheduling-1] INFO  c.e.service.general.VacancyLogger - Adding existing vacancy: Почтальон at Почта России
2025-06-07 00:47:44 [scheduling-1] INFO  c.e.service.general.VacancyLogger - Adding existing vacancy: Подсобный рабочий at ООО "ЧАСТНОЕ АГЕНТСТВО ЗАНЯТОСТИ "ИНТРУД-ПРОИЗВОДСТВО"
2025-06-07 00:47:44 [scheduling-1] INFO  c.e.service.general.VacancyLogger - Adding existing vacancy: водитель автомобиля at ФКУ "ГБ МСЭ ПО МОСКОВСКОЙ ОБЛАСТИ" МИНТРУДА РОССИИ
2025-06-07 00:47:44 [scheduling-1] INFO  c.e.service.general.VacancyLogger - Adding existing vacancy: Няня at ООО "ЧАСТНОЕ АГЕНТСТВО ЗАНЯТОСТИ "ИНТРУД-ПРОИЗВОДСТВО"
2025-06-07 00:47:44 [scheduling-1] INFO  c.e.service.general.VacancyLogger - Adding existing vacancy: Бухгалтер at ФКУ "ГБ МСЭ ПО МОСКОВСКОЙ ОБЛАСТИ" МИНТРУДА РОССИИ
2025-06-07 00:47:44 [scheduling-1] INFO  c.e.service.general.VacancyLogger - Adding existing vacancy: Инженер по внедрению новой технике и технологии at ООО "ВЕЛЕС"
2025-06-07 00:47:44 [scheduling-1] INFO  c.e.service.general.VacancyLogger - Adding existing vacancy: Диспетчер аварийно-диспетчерской службы at ОАО "РЭП-52 ЗАО"
2025-06-07 00:47:44 [scheduling-1] INFO  c.e.service.general.VacancyLogger - Adding existing vacancy: медицинская сестра участковая at ГБУЗ "ДГП №120 ДЗМ"
2025-06-07 00:47:44 [scheduling-1] INFO  c.e.service.general.VacancyLogger - Adding existing vacancy: врач-оториноларинголог at ГБУЗ "ДГП №120 ДЗМ"
2025-06-07 00:47:44 [scheduling-1] INFO  c.e.service.general.VacancyLogger - Adding existing vacancy: Продавец-консультант в отдел тканей at ПРИМА
2025-06-07 00:47:44 [scheduling-1] INFO  c.e.service.general.VacancyLogger - Adding existing vacancy: медицинская сестра по массажу at ИП ЧАЛЫЙ А. В.
2025-06-07 00:47:44 [scheduling-1] INFO  c.e.service.general.VacancyLogger - Adding existing vacancy: Повар at ООО "ТЕРЕМОК - СТРИТ"
2025-06-07 00:47:44 [scheduling-1] INFO  c.e.service.general.VacancyLogger - Adding existing vacancy: медицинская сестра по массажу at ИП ЧАЛЫЙ А. В.
2025-06-07 00:47:44 [scheduling-1] INFO  c.e.service.general.VacancyLogger - Adding existing vacancy: Повар at ИП ТА В.
2025-06-07 00:47:44 [scheduling-1] INFO  c.e.service.general.VacancyLogger - Adding existing vacancy: Повар at ИП ЛЕ М.
2025-06-07 00:47:44 [scheduling-1] INFO  c.e.service.general.VacancyLogger - Adding existing vacancy: инженер по подготовке производства at ИП ЛЕ М.
2025-06-07 00:47:44 [scheduling-1] INFO  c.e.service.general.VacancyLogger - Adding existing vacancy: Управляющий предприятия at ИП ЛЫОНГ Т.
2025-06-07 00:47:44 [scheduling-1] INFO  c.e.service.general.VacancyLogger - Adding existing vacancy: Начальник предприятия at ИП ЛЫОНГ Т.
2025-06-07 00:47:44 [scheduling-1] INFO  c.e.service.general.VacancyLogger - Adding existing vacancy: Инженер-программист at ООО "ИНАЯ"
2025-06-07 00:47:44 [scheduling-1] INFO  c.e.service.general.VacancyLogger - Adding existing vacancy: директор по экономике at ООО "ИНАЯ"
2025-06-07 00:47:44 [scheduling-1] INFO  c.e.service.general.VacancyLogger - Adding existing vacancy: Повар at ИП НГУЕН Д.
2025-06-07 00:47:44 [scheduling-1] INFO  c.e.service.general.VacancyLogger - Adding existing vacancy: повар at ИП НГУЕН Т.
2025-06-07 00:47:44 [scheduling-1] INFO  c.e.service.general.VacancyLogger - Adding existing vacancy: Аналитик данных at ТЕВА
2025-06-07 00:47:44 [scheduling-1] INFO  c.e.service.general.VacancyLogger - Adding existing vacancy: Маркетолог-аналитик at ТЕВА
2025-06-07 00:47:44 [scheduling-1] INFO  c.e.service.general.VacancyLogger - Adding existing vacancy: Администратор семейного досугового центра at ООО "Джейкет.ру"
2025-06-07 00:47:44 [scheduling-1] INFO  c.e.service.general.VacancyLogger - Adding existing vacancy: Охранник-контролер (м.Новокузнецкая) at ООО "Спейс Эмоушн"
2025-06-07 00:47:44 [scheduling-1] INFO  c.e.service.general.VacancyLogger - Adding existing vacancy: Грузчик (м. Новокузнецкая) at ООО "Спейс Эмоушн"
2025-06-07 00:47:44 [scheduling-1] INFO  c.e.service.general.VacancyLogger - Adding existing vacancy: Печатник-шелкограф at ИП Алиев Руслан Чингизович
2025-06-07 00:47:44 [scheduling-1] INFO  c.e.service.general.VacancyLogger - Adding existing vacancy: Официант (м. Владыкино) at ООО "Спейс Эмоушн"
2025-06-07 00:47:44 [scheduling-1] INFO  c.e.service.general.VacancyLogger - Adding existing vacancy: Слесарь по ремонту технологических установок at ООО "ВЕЛЕС"
2025-06-07 00:47:44 [scheduling-1] INFO  c.e.service.general.VacancyLogger - Adding existing vacancy: Повар (м.Новокузнецкая) at ООО "Спейс Эмоушн"
2025-06-07 00:47:44 [scheduling-1] INFO  c.e.service.general.VacancyLogger - Adding existing vacancy: Повар (м.Братиславская) at ООО "Спейс Эмоушн"
2025-06-07 00:47:44 [scheduling-1] INFO  c.e.service.general.VacancyLogger - Adding existing vacancy: Водитель-курьер на корпоративном автомобиле (г. Москва) at ООО "Спейс Эмоушн"
2025-06-07 00:47:44 [scheduling-1] INFO  c.e.service.general.VacancyLogger - Adding existing vacancy: Бармен в ресторан (м. Братиславская) at ООО "Спейс Эмоушн"
2025-06-07 00:47:44 [scheduling-1] INFO  c.e.service.general.VacancyLogger - Adding existing vacancy: Инженер  по организации управления производством at ООО "ВЕЛЕС"
2025-06-07 00:47:44 [scheduling-1] INFO  c.e.service.general.VacancyLogger - Adding existing vacancy: Главный специалист по расчету нормативов и финансовых показателей at АО МОСОБЛБАНК
2025-06-07 00:47:44 [scheduling-1] INFO  c.e.service.general.VacancyLogger - Adding existing vacancy: Кассир в ресторан (м. Цветной бульвар) at ООО "Спейс Эмоушн"
2025-06-07 00:47:44 [scheduling-1] INFO  c.e.service.general.VacancyLogger - Adding existing vacancy: Повар (м. Беломорская) at ООО "Спейс Эмоушн"
2025-06-07 00:47:44 [scheduling-1] INFO  c.e.service.general.VacancyLogger - Adding existing vacancy: Менеджер ресторана (м. Братиславская) at ООО "Спейс Эмоушн"
2025-06-07 00:47:44 [scheduling-1] INFO  c.e.service.general.VacancyLogger - Adding existing vacancy: Кассир (м. ЦСКА) at ООО "Джобкарт"
2025-06-07 00:47:44 [scheduling-1] INFO  c.e.service.general.VacancyLogger - Adding existing vacancy: Инженер по подготовке производства at ООО "ВЕЛИПРОФИТ"
2025-06-07 00:47:44 [scheduling-1] INFO  c.e.service.general.VacancyLogger - Adding existing vacancy: Хостес в ресторан (м. Владыкино) at ООО "Спейс Эмоушн"
2025-06-07 00:47:44 [scheduling-1] INFO  c.e.service.general.VacancyLogger - Adding existing vacancy: Домработник/ца at ИП Алиев Руслан Чингизович
2025-06-07 00:47:44 [scheduling-1] INFO  c.e.service.general.VacancyLogger - Adding existing vacancy: Официант в ресторан (м. Братиславская) at ООО "Спейс Эмоушн"
2025-06-07 00:47:44 [scheduling-1] INFO  c.e.service.general.VacancyLogger - Adding existing vacancy: Специалист по информационной безопасности at ФГБУ "НМИЦ ГЕМАТОЛОГИИ" МИНЗДРАВА РОССИИ
2025-06-07 00:47:44 [scheduling-1] INFO  c.e.service.general.VacancyLogger - Adding existing vacancy: буфетчица at ФГБУ "НМИЦ ГЕМАТОЛОГИИ" МИНЗДРАВА РОССИИ
2025-06-07 00:47:44 [scheduling-1] INFO  c.e.service.general.VacancyLogger - Adding existing vacancy: Prompt Engineer/ Data Analyst (команда Забота о клиентах) at Сбербанк России, ПАО
2025-06-07 00:47:44 [scheduling-1] INFO  c.e.service.general.VacancyLogger - Adding existing vacancy: Лаборант химического анализа at ООО "Джейкет.ру"
2025-06-07 00:47:44 [scheduling-1] INFO  c.e.service.general.VacancyLogger - Adding existing vacancy: старший помощник менеджера по работе с клиентами at ООО "МЕДИА 108"
2025-06-07 00:47:44 [scheduling-1] INFO  c.e.service.general.VacancyLogger - Adding existing vacancy: Электрослесарь строительный at АНО "МОСКОВСКАЯ РЕКЛАМА"
2025-06-07 00:47:44 [scheduling-1] INFO  c.e.service.general.VacancyLogger - Adding existing vacancy: Почтальон at УФПС Г.МОСКВЫ
2025-06-07 00:47:44 [scheduling-1] INFO  c.e.service.general.VacancyLogger - Adding existing vacancy: Почтальон at УФПС Г.МОСКВЫ
2025-06-07 00:47:44 [scheduling-1] INFO  c.e.service.general.VacancyLogger - Adding existing vacancy: слесарь-ремонтник 6 разряда at АНО "МОСКОВСКАЯ РЕКЛАМА"
2025-06-07 00:47:44 [scheduling-1] INFO  c.e.service.general.VacancyLogger - Adding existing vacancy: слесарь-ремонтник 5 разряда at АНО "МОСКОВСКАЯ РЕКЛАМА"
2025-06-07 00:47:44 [scheduling-1] INFO  c.e.service.general.VacancyLogger - Adding existing vacancy: Техник Молочно-раздаточного пункта at ГАУ ИНПЦ "ГОРМЕДТЕХНИКА"
2025-06-07 00:47:44 [scheduling-1] INFO  c.e.service.general.VacancyLogger - Adding existing vacancy: Официант в ресторан at ООО "ХОТЭЛ МЕНЕДЖМЕНТ КОМПАНИ"
2025-06-07 00:47:44 [scheduling-1] INFO  c.e.service.general.VacancyLogger - Adding existing vacancy: Повар-универсал at ООО "ХОТЭЛ МЕНЕДЖМЕНТ КОМПАНИ"
2025-06-07 00:47:44 [scheduling-1] INFO  c.e.service.general.VacancyLogger - Adding existing vacancy: Швея at ООО "АВИДЕВЕЛОПМЕНТ-М"
2025-06-07 00:47:44 [scheduling-1] INFO  c.e.service.general.VacancyLogger - Adding existing vacancy: Монтажник бетонных и металлических конструкций at ООО "ЛИДЕР-СТРОЙ"
2025-06-07 00:47:44 [scheduling-1] INFO  c.e.service.general.VacancyLogger - Adding existing vacancy: Ведущий юрисконсульт at ГБУ "ЖИЛИЩНИК ДОНСКОГО РАЙОНА"
2025-06-07 00:47:44 [scheduling-1] INFO  c.e.service.general.VacancyLogger - Adding existing vacancy: Специалист по налогам и сборам at ИФНС РОССИИ № 14 ПО Г. МОСКВЕ
2025-06-07 00:47:44 [scheduling-1] INFO  c.e.service.general.VacancyLogger - Adding existing vacancy: Почтальон at УФПС Г.МОСКВЫ
2025-06-07 00:47:44 [scheduling-1] INFO  c.e.service.general.VacancyLogger - Adding existing vacancy: Инженер по внедрению новой техники и технологии at ООО "ВЕЛИПРОФИТ"
2025-06-07 00:47:44 [scheduling-1] INFO  c.e.service.general.VacancyLogger - Adding existing vacancy: Почтальон at УФПС Г.МОСКВЫ
2025-06-07 00:47:44 [scheduling-1] INFO  c.e.service.general.VacancyLogger - Adding existing vacancy: Почтальон at УФПС Г.МОСКВЫ
2025-06-07 00:47:44 [scheduling-1] INFO  c.e.service.general.VacancyLogger - Adding existing vacancy: Почтальон at УФПС Г.МОСКВЫ
2025-06-07 00:47:44 [scheduling-1] INFO  c.e.service.general.VacancyLogger - Adding existing vacancy: Продавец-консультант at ООО "ВИНЛАБ-ЗАПАД"
2025-06-07 00:47:44 [scheduling-1] INFO  c.e.service.general.VacancyLogger - Adding existing vacancy: Почтальон at УФПС Г.МОСКВЫ
2025-06-07 00:47:44 [scheduling-1] INFO  c.e.service.general.VacancyLogger - Adding existing vacancy: Почтальон at УФПС Г.МОСКВЫ
2025-06-07 00:47:44 [scheduling-1] INFO  c.e.service.general.VacancyLogger - Adding existing vacancy: Бармен at ООО "ХОСПИТЭЛИТИ ГРУПП"
2025-06-07 00:47:44 [scheduling-1] INFO  c.e.service.general.VacancyLogger - Adding existing vacancy: Уборщик производственных и служебных помещений at ООО "ВИП РЕСУРС"
2025-06-07 00:47:44 [scheduling-1] INFO  c.e.service.general.VacancyLogger - Adding existing vacancy: Охранник at ООО "ОО "ИМПЕРАТОР"
2025-06-07 00:47:44 [scheduling-1] INFO  c.e.service.general.VacancyLogger - Adding existing vacancy: Инженер-программист at АО НПО "МОБИЛЬНЫЕ ИНФОРМАЦИОННЫЕ СИСТЕМЫ"
2025-06-07 00:47:44 [scheduling-1] INFO  c.e.service.general.VacancyLogger - Adding existing vacancy: Инженер-программист at АО НПО "МОБИЛЬНЫЕ ИНФОРМАЦИОННЫЕ СИСТЕМЫ"
2025-06-07 00:47:44 [scheduling-1] INFO  c.e.service.general.VacancyLogger - Adding existing vacancy: Водитель автомобиля at ГБУ "ЖИЛИЩНИК РАЙОНА ЩУКИНО"
2025-06-07 00:47:44 [scheduling-1] INFO  c.e.service.general.VacancyLogger - Adding existing vacancy: Медицинская сестра по массажу at ООО "РЕСТО-ПЛЮС"
2025-06-07 00:47:44 [scheduling-1] INFO  c.e.service.general.VacancyLogger - Adding existing vacancy: Переводчик классической художественной литературы at ООО НИЦ "ЛАДОМИР"
2025-06-07 00:47:44 [scheduling-1] INFO  c.e.service.general.VacancyLogger - Adding existing vacancy: Корректор художественной литературы at ООО НИЦ "ЛАДОМИР"
2025-06-07 00:47:44 [scheduling-1] INFO  c.e.service.general.VacancyLogger - Adding existing vacancy: Редактор книжного издательства at ООО НИЦ "ЛАДОМИР"
2025-06-07 00:47:44 [scheduling-1] INFO  c.e.service.general.VacancyLogger - Adding existing vacancy: Художник-оформитель книг at ООО НИЦ "ЛАДОМИР"
2025-06-07 00:47:44 [scheduling-1] INFO  c.e.service.general.VacancyLogger - Adding existing vacancy: Переводчик классической художественной литературы at ООО НИЦ "ЛАДОМИР"
2025-06-07 00:47:44 [scheduling-1] INFO  c.e.service.general.VacancyLogger - Adding existing vacancy: помощник менеджера склада at ООО НИЦ "ЛАДОМИР"
2025-06-07 00:47:44 [scheduling-1] INFO  c.e.service.general.VacancyLogger - Adding existing vacancy: Инженер по организации эксплуатации, обслуживанию и ремонту зданий и сооружений at ООО НИЦ "ЛАДОМИР"
2025-06-07 00:47:44 [scheduling-1] INFO  c.e.service.general.VacancyLogger - Adding existing vacancy: Инженер-проектировщик в области связи (телекоммуникаций) at ООО "ПЛАЗМА-Т"
2025-06-07 00:47:44 [scheduling-1] INFO  c.e.service.general.VacancyLogger - Adding existing vacancy: Дворник at АО "НИИ ТП"
2025-06-07 00:47:44 [scheduling-1] INFO  c.e.service.general.VacancyLogger - Adding existing vacancy: Главный специалист по мониторингу и реагированию на киберугрозы at АО МОСОБЛБАНК
2025-06-07 00:47:44 [scheduling-1] INFO  c.e.service.general.VacancyLogger - Adding existing vacancy: Водитель с обязанностями экспедитора at ПАО "МОСТОЧЛЕГМАШ"
2025-06-07 00:47:44 [scheduling-1] INFO  c.e.service.general.VacancyLogger - Adding existing vacancy: Токарь at ПАО "МОСТОЧЛЕГМАШ"
2025-06-07 00:47:44 [scheduling-1] INFO  c.e.service.general.VacancyLogger - Adding existing vacancy: помощник менеджера по продажам at ПАО "МОСТОЧЛЕГМАШ"
2025-06-07 00:47:44 [scheduling-1] INFO  c.e.service.general.VacancyLogger - Adding existing vacancy: Администратор-кассир at ООО "Джобкарт"
2025-06-07 00:47:44 [scheduling-1] INFO  c.e.service.general.VacancyLogger - Adding existing vacancy: Полицейский патрульно-постовой службы полиции at ООО "Джейкет.ру"
2025-06-07 00:47:44 [scheduling-1] INFO  c.e.service.general.VacancyLogger - Adding existing vacancy: Продавец-консультант салона at Индивидуальный предприниматель ГИЗАТУЛЛИНА АЛИНА РУСТЕМОВНА
2025-06-07 00:47:44 [scheduling-1] INFO  c.e.service.general.VacancyLogger - Adding existing vacancy: Медицинская сестра по массажу at ООО "САН ТАЙ СПА"
2025-06-07 00:47:44 [scheduling-1] INFO  c.e.service.general.VacancyLogger - Adding existing vacancy: Автомойщик at ООО "Джобкарт"
2025-06-07 00:47:44 [scheduling-1] INFO  c.e.service.general.VacancyLogger - Adding existing vacancy: Инженер-программист at ООО "КБ "ДОРС"
2025-06-07 00:47:44 [scheduling-1] INFO  c.e.service.general.VacancyLogger - Adding existing vacancy: подсобный рабочий at ООО "ТРЕНД"
2025-06-07 00:47:44 [scheduling-1] INFO  c.e.service.general.VacancyLogger - Adding existing vacancy: Сетевой и системный администратор at ГБУДО Г. МОСКВЫ "ДМШ ИМЕНИ Ф.И. ШАЛЯПИНА"
2025-06-07 00:47:44 [scheduling-1] INFO  c.e.service.general.VacancyLogger - Adding existing vacancy: термист at ООО "ЕПК-НОВЫЕ ТЕХНОЛОГИИ"
2025-06-07 00:47:44 [scheduling-1] INFO  c.e.service.general.VacancyLogger - Adding existing vacancy: Токарь-карусельщик at ООО "ЕПК-НОВЫЕ ТЕХНОЛОГИИ"
2025-06-07 00:47:44 [scheduling-1] INFO  c.e.service.general.VacancyLogger - Adding existing vacancy: Монтажник радиоэлектронной аппаратуры и приборов at АО "ГК "ЭЛЕКТРОНИНВЕСТ"
2025-06-07 00:47:44 [scheduling-1] INFO  c.e.service.general.VacancyLogger - Adding existing vacancy: Главный специалист-эксперт, сетевой инженер at Социальный фонд России
2025-06-07 00:47:44 [scheduling-1] INFO  c.e.service.general.VacancyLogger - Adding existing vacancy: Официант at ООО "ХОСПИТЭЛИТИ ГРУПП"
2025-06-07 00:47:44 [scheduling-1] INFO  c.e.service.general.VacancyLogger - Adding existing vacancy: Старший повар холодного цеха at ООО "ХОСПИТЭЛИТИ ГРУПП"
2025-06-07 00:47:44 [scheduling-1] INFO  c.e.service.general.VacancyLogger - Adding existing vacancy: Слесарь по ремонту и обслуживанию систем вентиляции и кондиционирования at НАЦИОНАЛЬНЫЙ ИССЛЕДОВАТЕЛЬСКИЙ УНИВЕРСИТЕТ "МИЭТ"; НИУ МИЭТ;МИЭТ
2025-06-07 00:47:44 [scheduling-1] INFO  c.e.service.general.VacancyLogger - Adding existing vacancy: Администратор СПА и фитнес центра at ООО "ХОСПИТЭЛИТИ ГРУПП"
2025-06-07 00:47:44 [scheduling-1] INFO  c.e.service.general.VacancyLogger - Adding existing vacancy: Администратор службы приема и размещения at ООО "ХОСПИТЭЛИТИ ГРУПП"
2025-06-07 00:47:44 [scheduling-1] INFO  c.e.service.general.VacancyLogger - Adding existing vacancy: Повар at ООО "ХОСПИТЭЛИТИ ГРУПП"
2025-06-07 00:47:44 [scheduling-1] INFO  c.e.service.general.VacancyLogger - Adding existing vacancy: Косметик at ООО "ХОСПИТЭЛИТИ ГРУПП"
2025-06-07 00:47:44 [scheduling-1] INFO  c.e.service.general.VacancyLogger - Adding existing vacancy: Старший смены ресторана at ООО "ХОСПИТЭЛИТИ ГРУПП"
2025-06-07 00:47:44 [scheduling-1] INFO  c.e.service.general.VacancyLogger - Adding existing vacancy: Су-шеф at ООО "ХОСПИТЭЛИТИ ГРУПП"
2025-06-07 00:47:44 [scheduling-1] INFO  c.e.service.general.VacancyLogger - Adding existing vacancy: Менеджер ресторана и бара at ООО "ХОСПИТЭЛИТИ ГРУПП"
2025-06-07 00:47:44 [scheduling-1] INFO  c.e.service.general.VacancyLogger - Adding existing vacancy: Слесарь по ремонту технологических установок at ООО "БЭЙБЭЙ ФУД"
2025-06-07 00:47:44 [scheduling-1] INFO  c.e.service.general.VacancyLogger - Adding existing vacancy: Помощник воспитателя at ГБУ ЦССВ "ЦЕНТРАЛЬНЫЙ"
2025-06-07 00:47:44 [scheduling-1] INFO  c.e.service.general.VacancyLogger - Adding existing vacancy: Медицинская сестра по физиотерапии at ГБУ ЦССВ "ЦЕНТРАЛЬНЫЙ"
2025-06-07 00:47:44 [scheduling-1] INFO  c.e.service.general.VacancyLogger - Adding existing vacancy: Швея at ИП ЗАМИРАЙЛО А. Ф.
2025-06-07 00:47:44 [scheduling-1] INFO  c.e.service.general.VacancyLogger - Adding existing vacancy: Учитель химии at ГБОУ Школа № 1583
2025-06-07 00:47:44 [scheduling-1] INFO  c.e.service.general.VacancyLogger - Adding existing vacancy: Учитель физики at ГБОУ Школа № 1583
2025-06-07 00:47:44 [scheduling-1] INFO  c.e.service.general.VacancyLogger - Adding existing vacancy: Учитель русского языка и литературы at ГБОУ Школа № 1583
2025-06-07 00:47:44 [scheduling-1] INFO  c.e.service.general.VacancyLogger - Adding existing vacancy: Слесарь-сантехник по ремонту сантехнического оборудования at НАЦИОНАЛЬНЫЙ ИССЛЕДОВАТЕЛЬСКИЙ УНИВЕРСИТЕТ "МИЭТ"; НИУ МИЭТ;МИЭТ
2025-06-07 00:47:44 [scheduling-1] INFO  c.e.service.general.VacancyLogger - Adding existing vacancy: Врач-педиатр участковый at ГБУЗ "ДГП № 12 ДЗМ"
2025-06-07 00:47:44 [scheduling-1] INFO  c.e.service.general.VacancyLogger - Adding existing vacancy: Операционная медицинская сестра at ФГБУ "ФНКЦ ДЕТЕЙ И ПОДРОСТКОВ ФМБА РОССИИ"
2025-06-07 00:47:44 [scheduling-1] INFO  c.e.service.general.VacancyLogger - Adding existing vacancy: Юрист! at ПАРТИЯ "ЕДИНАЯ РОССИЯ"
2025-06-07 00:47:44 [scheduling-1] INFO  c.e.service.general.VacancyLogger - Adding existing vacancy: Врач функциональной диагностики at ГБУЗ "ДГП № 12 ДЗМ"
2025-06-07 00:47:44 [scheduling-1] INFO  c.e.service.general.VacancyLogger - Adding existing vacancy: Врач-оториноларинголог at ГБУЗ "ДГП № 12 ДЗМ"
2025-06-07 00:47:44 [scheduling-1] INFO  c.e.service.general.VacancyLogger - Adding existing vacancy: Уборщик территорий at ФГБУ "ТРАНСПОРТНЫЙ КОМБИНАТ "РОССИЯ"
2025-06-07 00:47:44 [scheduling-1] INFO  c.e.service.general.VacancyLogger - Adding existing vacancy: Рентгенолаборант at ГБУЗ "ДГП № 12 ДЗМ"
2025-06-07 00:47:44 [scheduling-1] INFO  c.e.service.general.VacancyLogger - Adding existing vacancy: Учитель математики at ГБОУ Школа № 1583
2025-06-07 00:47:44 [scheduling-1] INFO  c.e.service.general.VacancyLogger - Adding existing vacancy: Медицинский статистик at ГБУЗ "ДГП № 12 ДЗМ"
2025-06-07 00:47:44 [scheduling-1] INFO  c.e.service.general.VacancyLogger - Adding existing vacancy: рабочий по комплексному обслуживанию зданий at ЧПОУ "МОСКОВСКИЙ ГОРОДСКОЙ ОТКРЫТЫЙ КОЛЛЕДЖ"
2025-06-07 00:47:44 [scheduling-1] INFO  c.e.service.general.VacancyLogger - Adding existing vacancy: Контролер КПП at «Группа ГУТА»
2025-06-07 00:47:44 [scheduling-1] INFO  c.e.service.general.VacancyLogger - Adding existing vacancy: Токарь at «Группа ГУТА»
2025-06-07 00:47:44 [scheduling-1] INFO  c.e.service.general.VacancyLogger - Adding existing vacancy: Слесарь по ремонту и обслуживанию систем вентиляции и кондиционирования at «Группа ГУТА»
2025-06-07 00:47:44 [scheduling-1] INFO  c.e.service.general.VacancyLogger - Adding existing vacancy: Тракторист at «Группа ГУТА»
2025-06-07 00:47:44 [scheduling-1] INFO  c.e.service.general.VacancyLogger - Adding existing vacancy: Рабочий на пищевое производство at «Группа ГУТА»
2025-06-07 00:47:44 [scheduling-1] INFO  c.e.service.general.VacancyLogger - Adding existing vacancy: Оператор линии на пищевое производство at «Группа ГУТА»
2025-06-07 00:47:44 [scheduling-1] INFO  c.e.service.general.VacancyLogger - Adding existing vacancy: Менеджер по продвижению услуг at АО "СЭ"
2025-06-07 00:47:44 [scheduling-1] INFO  c.e.service.general.VacancyLogger - Adding existing vacancy: Массажист at ООО "ЛЕТО"
2025-06-07 00:47:44 [scheduling-1] INFO  c.e.service.general.VacancyLogger - Adding existing vacancy: Инженер-механик по ремонту теплового технологического оборудования at Ресторанный Сервис
2025-06-07 00:47:44 [scheduling-1] INFO  c.e.service.general.VacancyLogger - Adding existing vacancy: Повар 6 разряда at ФГБУ "ТРАНСПОРТНЫЙ КОМБИНАТ "РОССИЯ"
2025-06-07 00:47:44 [scheduling-1] INFO  c.e.service.general.VacancyLogger - Adding existing vacancy: Ведущий бухгалтер по учёту заработной платы at ФГБУ "ТРАНСПОРТНЫЙ КОМБИНАТ "РОССИЯ"
2025-06-07 00:47:44 [scheduling-1] INFO  c.e.service.general.VacancyLogger - Adding existing vacancy: Ведущий специалист отдела материально-технического обеспечения at ФГБУ "ТРАНСПОРТНЫЙ КОМБИНАТ "РОССИЯ"
2025-06-07 00:47:44 [scheduling-1] INFO  c.e.service.general.VacancyLogger - Adding existing vacancy: Электромонтер по ремонту и обслуживанию электрооборудования 5 разряда at ФГБУ "ТРАНСПОРТНЫЙ КОМБИНАТ "РОССИЯ"
2025-06-07 00:47:44 [scheduling-1] INFO  c.e.service.general.VacancyLogger - Adding existing vacancy: Главный специалист-эксперт (подготовка функциональных требований) at Социальный фонд России
2025-06-07 00:47:44 [scheduling-1] INFO  c.e.service.general.VacancyLogger - Adding existing vacancy: Штукатур at ООО "КАПИТАЛ-ГРУПП"
2025-06-07 00:47:44 [scheduling-1] INFO  c.e.service.general.VacancyLogger - Adding existing vacancy: Специалист по маркетинговым коммуникациям at АО "СЭ"
2025-06-07 00:47:44 [scheduling-1] INFO  c.e.service.general.VacancyLogger - Adding existing vacancy: Техник по кондиционированию at АО "СЭ"
2025-06-07 00:47:44 [scheduling-1] INFO  c.e.service.general.VacancyLogger - Adding existing vacancy: Маляр at ООО "КАПИТАЛ-ГРУПП"
2025-06-07 00:47:44 [scheduling-1] INFO  c.e.service.general.VacancyLogger - Adding existing vacancy: Ведущий инженер-схемотехник at АО "СЭ"
2025-06-07 00:47:44 [scheduling-1] INFO  c.e.service.general.VacancyLogger - Adding existing vacancy: Специалист отдела транспорта и таможенного оформления at АО "СЭ"
2025-06-07 00:47:44 [scheduling-1] INFO  c.e.service.general.VacancyLogger - Adding existing vacancy: Специалист по планированию поставок at АО "СЭ"
2025-06-07 00:47:44 [scheduling-1] INFO  c.e.service.general.VacancyLogger - Adding existing vacancy: Аналитик бизнес-процессов at АО "СЭ"
2025-06-07 00:47:44 [scheduling-1] INFO  c.e.service.general.VacancyLogger - Adding existing vacancy: Бизнес-аналитик по управлению запасами в 1C ERP at АО "СЭ"
2025-06-07 00:47:44 [scheduling-1] INFO  c.e.service.general.VacancyLogger - Adding existing vacancy: Младший специалист по работе с клиентами at АО "СЭ"
2025-06-07 00:47:44 [scheduling-1] INFO  c.e.service.general.VacancyLogger - Adding existing vacancy: Менеджер по внутренним контролям и рискам at АО "СЭ"
2025-06-07 00:47:44 [scheduling-1] INFO  c.e.service.general.VacancyLogger - Adding existing vacancy: Специалист по работе с онлайн дилерами at АО "СЭ"
2025-06-07 00:47:44 [scheduling-1] INFO  c.e.service.general.VacancyLogger - Adding existing vacancy: Стажер специалиста по работе с клиентами at АО "СЭ"
2025-06-07 00:47:44 [scheduling-1] INFO  c.e.service.general.VacancyLogger - Adding existing vacancy: Ведущий инженер-конструктор at АО "СЭ"
2025-06-07 00:47:44 [scheduling-1] INFO  c.e.service.general.VacancyLogger - Adding existing vacancy: Охранник at ООО "ЧОО "ТТ"
2025-06-07 00:47:44 [scheduling-1] INFO  c.e.service.general.VacancyLogger - Adding existing vacancy: Java-разработчик at КБ Уральский банк реконструкции и развития (УБРиР)
2025-06-07 00:47:44 [scheduling-1] INFO  c.e.service.general.VacancyLogger - Fetching page 0
2025-06-07 00:47:45 [main] INFO  o.s.b.d.r.RestartApplicationListener - Restart disabled due to context in which it is running

  .   ____          _            __ _ _
 /\\ / ___'_ __ _ _(_)_ __  __ _ \ \ \ \
( ( )\___ | '_ | '_| | '_ \/ _` | \ \ \ \
 \\/  ___)| |_)| | | | | || (_| |  ) ) ) )
  '  |____| .__|_| |_|_| |_\__, | / / / /
 =========|_|==============|___/=/_/_/_/
 :: Spring Boot ::                (v3.2.3)

2025-06-07 00:47:45 [main] INFO  com.example.App - Starting App using Java 21.0.7 with PID 28832 (started by artemsharkov in /Users/artemsharkov/Documents/MyParser)
2025-06-07 00:47:45 [main] DEBUG com.example.App - Running with Spring Boot v3.2.3, Spring v6.1.4
2025-06-07 00:47:45 [main] INFO  com.example.App - No active profile set, falling back to 1 default profile: "default"
2025-06-07 00:47:45 [main] INFO  o.s.d.r.c.RepositoryConfigurationDelegate - Bootstrapping Spring Data JPA repositories in DEFAULT mode.
2025-06-07 00:47:45 [main] INFO  o.s.d.r.c.RepositoryConfigurationDelegate - Finished Spring Data repository scanning in 4 ms. Found 1 JPA repository interface.
2025-06-07 00:47:45 [main] INFO  o.s.b.w.e.tomcat.TomcatWebServer - Tomcat initialized with port 8080 (http)
2025-06-07 00:47:45 [main] INFO  o.a.catalina.core.StandardService - Starting service [Tomcat]
2025-06-07 00:47:45 [main] INFO  o.a.catalina.core.StandardEngine - Starting Servlet engine: [Apache Tomcat/10.1.19]
2025-06-07 00:47:45 [main] INFO  o.a.c.c.C.[Tomcat].[localhost].[/] - Initializing Spring embedded WebApplicationContext
2025-06-07 00:47:45 [main] INFO  o.s.b.w.s.c.ServletWebServerApplicationContext - Root WebApplicationContext: initialization completed in 308 ms
2025-06-07 00:47:45 [main] INFO  o.h.jpa.internal.util.LogHelper - HHH000204: Processing PersistenceUnitInfo [name: default]
2025-06-07 00:47:45 [main] INFO  o.h.c.i.RegionFactoryInitiator - HHH000026: Second-level cache disabled
2025-06-07 00:47:45 [main] INFO  o.s.o.j.p.SpringPersistenceUnitInfo - No LoadTimeWeaver setup: ignoring JPA class transformer
2025-06-07 00:47:45 [main] INFO  com.zaxxer.hikari.HikariDataSource - HikariPool-2 - Starting...
2025-06-07 00:47:45 [main] INFO  com.zaxxer.hikari.pool.HikariPool - HikariPool-2 - Added connection org.postgresql.jdbc.PgConnection@82d8fd9
2025-06-07 00:47:45 [main] INFO  com.zaxxer.hikari.HikariDataSource - HikariPool-2 - Start completed.
2025-06-07 00:47:45 [main] WARN  org.hibernate.orm.deprecation - HHH90000025: PostgreSQLDialect does not need to be specified explicitly using 'hibernate.dialect' (remove the property setting and it will be selected by default)
2025-06-07 00:47:45 [main] INFO  o.h.e.t.j.p.i.JtaPlatformInitiator - HHH000489: No JTA platform available (set 'hibernate.transaction.jta.platform' to enable JTA platform integration)
2025-06-07 00:47:45 [main] INFO  o.s.o.j.LocalContainerEntityManagerFactoryBean - Initialized JPA EntityManagerFactory for persistence unit 'default'
2025-06-07 00:47:45 [main] WARN  o.s.b.a.o.j.JpaBaseConfiguration$JpaWebConfiguration - spring.jpa.open-in-view is enabled by default. Therefore, database queries may be performed during view rendering. Explicitly configure spring.jpa.open-in-view to disable this warning
Hibernate: 
    select
        v1_0.id 
    from
        vacancies v1_0 
    where
        v1_0.link=? 
    fetch
        first ? rows only
2025-06-07 00:47:45 [main] INFO  o.s.b.a.w.s.WelcomePageHandlerMapping - Adding welcome page template: index
2025-06-07 00:47:45 [scheduling-1] INFO  c.e.service.general.VacancyLogger - Vacancy already exists: Java-разработчик at ИНВИТРО
Hibernate: 
    select
        v1_0.id 
    from
        vacancies v1_0 
    where
        v1_0.link=? 
    fetch
        first ? rows only
2025-06-07 00:47:45 [scheduling-1] INFO  c.e.service.general.VacancyLogger - Vacancy already exists: Java-разработчик в IT-компанию at Selsup
Hibernate: 
    select
        v1_0.id 
    from
        vacancies v1_0 
    where
        v1_0.link=? 
    fetch
        first ? rows only
2025-06-07 00:47:45 [scheduling-1] INFO  c.e.service.general.VacancyLogger - Vacancy already exists: Java developer at Снэп АйТи
Hibernate: 
    select
        v1_0.id 
    from
        vacancies v1_0 
    where
        v1_0.link=? 
    fetch
        first ? rows only
2025-06-07 00:47:45 [scheduling-1] INFO  c.e.service.general.VacancyLogger - Vacancy already exists: Java-разработчик Middle at ГК Орбита
Hibernate: 
    select
        v1_0.id 
    from
        vacancies v1_0 
    where
        v1_0.link=? 
    fetch
        first ? rows only
2025-06-07 00:47:45 [scheduling-1] INFO  c.e.service.general.VacancyLogger - Vacancy already exists: Java-разработчик (разработка баллистических систем) at БЮРО 1440
Hibernate: 
    select
        v1_0.id 
    from
        vacancies v1_0 
    where
        v1_0.link=? 
    fetch
        first ? rows only
2025-06-07 00:47:45 [scheduling-1] INFO  c.e.service.general.VacancyLogger - Vacancy already exists: Java-разработчик (офис на ИС, после удаленно) at Снэп АйТи
Hibernate: 
    select
        v1_0.id 
    from
        vacancies v1_0 
    where
        v1_0.link=? 
    fetch
        first ? rows only
2025-06-07 00:47:45 [scheduling-1] INFO  c.e.service.general.VacancyLogger - Vacancy already exists: Ведущий java-разработчик at А2М
Hibernate: 
    select
        v1_0.id 
    from
        vacancies v1_0 
    where
        v1_0.link=? 
    fetch
        first ? rows only
2025-06-07 00:47:45 [scheduling-1] INFO  c.e.service.general.VacancyLogger - Vacancy already exists: Java разработчик/Backend разработчик at ЮниСейф
Hibernate: 
    select
        v1_0.id 
    from
        vacancies v1_0 
    where
        v1_0.link=? 
    fetch
        first ? rows only
2025-06-07 00:47:45 [scheduling-1] INFO  c.e.service.general.VacancyLogger - Vacancy already exists: Стажер–разработчик Java at КРОК
Hibernate: 
    select
        v1_0.id 
    from
        vacancies v1_0 
    where
        v1_0.link=? 
    fetch
        first ? rows only
2025-06-07 00:47:45 [scheduling-1] INFO  c.e.service.general.VacancyLogger - Vacancy already exists: Java-разработчик at CORE
Hibernate: 
    select
        v1_0.id 
    from
        vacancies v1_0 
    where
        v1_0.link=? 
    fetch
        first ? rows only
2025-06-07 00:47:45 [scheduling-1] INFO  c.e.service.general.VacancyLogger - Vacancy already exists: Java-разработчик at Utrace
Hibernate: 
    select
        v1_0.id 
    from
        vacancies v1_0 
    where
        v1_0.link=? 
    fetch
        first ? rows only
2025-06-07 00:47:45 [scheduling-1] INFO  c.e.service.general.VacancyLogger - Vacancy already exists: Java-разработчик at AG Soft
Hibernate: 
    select
        v1_0.id 
    from
        vacancies v1_0 
    where
        v1_0.link=? 
    fetch
        first ? rows only
2025-06-07 00:47:45 [scheduling-1] INFO  c.e.service.general.VacancyLogger - Vacancy already exists: Java-разработчик at Синхро
Hibernate: 
    select
        v1_0.id 
    from
        vacancies v1_0 
    where
        v1_0.link=? 
    fetch
        first ? rows only
2025-06-07 00:47:45 [scheduling-1] INFO  c.e.service.general.VacancyLogger - Vacancy already exists: Разработчик JAVA 8 (legacy) at Транснефть-Технологии
Hibernate: 
    select
        v1_0.id 
    from
        vacancies v1_0 
    where
        v1_0.link=? 
    fetch
        first ? rows only
2025-06-07 00:47:45 [scheduling-1] INFO  c.e.service.general.VacancyLogger - Vacancy already exists: Java-разработчик (Инвестиционный бизнес) at РСХБ-Интех
Hibernate: 
    select
        v1_0.id 
    from
        vacancies v1_0 
    where
        v1_0.link=? 
    fetch
        first ? rows only
2025-06-07 00:47:45 [scheduling-1] INFO  c.e.service.general.VacancyLogger - Vacancy already exists: Java-разработчик at А2М
Hibernate: 
    select
        v1_0.id 
    from
        vacancies v1_0 
    where
        v1_0.link=? 
    fetch
        first ? rows only
2025-06-07 00:47:45 [scheduling-1] INFO  c.e.service.general.VacancyLogger - Vacancy already exists: Java/Kotlin разработчик at Антара
Hibernate: 
    select
        v1_0.id 
    from
        vacancies v1_0 
    where
        v1_0.link=? 
    fetch
        first ? rows only
2025-06-07 00:47:45 [scheduling-1] INFO  c.e.service.general.VacancyLogger - Vacancy already exists: Java-разработчик at R-Style Softlab (Эр-Стайл Софтлаб)
Hibernate: 
    select
        v1_0.id 
    from
        vacancies v1_0 
    where
        v1_0.link=? 
    fetch
        first ? rows only
2025-06-07 00:47:45 [scheduling-1] INFO  c.e.service.general.VacancyLogger - Vacancy already exists: Java-разработчик (Middle+/Senior) at СИГМА
Hibernate: 
    select
        v1_0.id 
    from
        vacancies v1_0 
    where
        v1_0.link=? 
    fetch
        first ? rows only
2025-06-07 00:47:45 [scheduling-1] INFO  c.e.service.general.VacancyLogger - Vacancy already exists: Java разработчик at Центр Новых Финансовых Сервисов
Hibernate: 
    select
        v1_0.id 
    from
        vacancies v1_0 
    where
        v1_0.link=? 
    fetch
        first ? rows only
2025-06-07 00:47:45 [scheduling-1] INFO  c.e.service.general.VacancyLogger - Vacancy already exists: Java-разработчик в проект страховой компании at VeryIT
Hibernate: 
    select
        v1_0.id 
    from
        vacancies v1_0 
    where
        v1_0.link=? 
    fetch
        first ? rows only
2025-06-07 00:47:45 [scheduling-1] INFO  c.e.service.general.VacancyLogger - Vacancy already exists: Java-разработчик младшего/среднего уровня (junior/middle Java developer) at НАО Инфоком
Hibernate: 
    select
        v1_0.id 
    from
        vacancies v1_0 
    where
        v1_0.link=? 
    fetch
        first ? rows only
2025-06-07 00:47:45 [scheduling-1] INFO  c.e.service.general.VacancyLogger - Vacancy already exists: Java-разработчик (middle) at DIS Group
Hibernate: 
    select
        v1_0.id 
    from
        vacancies v1_0 
    where
        v1_0.link=? 
    fetch
        first ? rows only
2025-06-07 00:47:45 [scheduling-1] INFO  c.e.service.general.VacancyLogger - Vacancy already exists: Java разработчик Middle+/Senior at Ростелеком Информационные Технологии
Hibernate: 
    select
        v1_0.id 
    from
        vacancies v1_0 
    where
        v1_0.link=? 
    fetch
        first ? rows only
2025-06-07 00:47:45 [scheduling-1] INFO  c.e.service.general.VacancyLogger - Vacancy already exists: Java разработчик at НТЦ ЕЭС Информационные Комплексы
Hibernate: 
    select
        v1_0.id 
    from
        vacancies v1_0 
    where
        v1_0.link=? 
    fetch
        first ? rows only
2025-06-07 00:47:45 [scheduling-1] INFO  c.e.service.general.VacancyLogger - Vacancy already exists: Middle / Senior Java developer (Системы информационной безопасности) at Транснефть-Технологии
Hibernate: 
    select
        v1_0.id 
    from
        vacancies v1_0 
    where
        v1_0.link=? 
    fetch
        first ? rows only
2025-06-07 00:47:45 [scheduling-1] INFO  c.e.service.general.VacancyLogger - Vacancy already exists: Java-разработчик at INPAS
Hibernate: 
    select
        v1_0.id 
    from
        vacancies v1_0 
    where
        v1_0.link=? 
    fetch
        first ? rows only
2025-06-07 00:47:45 [scheduling-1] INFO  c.e.service.general.VacancyLogger - Vacancy already exists: Java-разработчик (Сениор, Мидл+) at Картнода
Hibernate: 
    select
        v1_0.id 
    from
        vacancies v1_0 
    where
        v1_0.link=? 
    fetch
        first ? rows only
2025-06-07 00:47:45 [scheduling-1] INFO  c.e.service.general.VacancyLogger - Vacancy already exists: Java Developer at Московская Биржа
Hibernate: 
    select
        v1_0.id 
    from
        vacancies v1_0 
    where
        v1_0.link=? 
    fetch
        first ? rows only
2025-06-07 00:47:45 [scheduling-1] INFO  c.e.service.general.VacancyLogger - Vacancy already exists: Java разработчик at Бэнкс Софт Системс
Hibernate: 
    select
        v1_0.id 
    from
        vacancies v1_0 
    where
        v1_0.link=? 
    fetch
        first ? rows only
2025-06-07 00:47:45 [scheduling-1] INFO  c.e.service.general.VacancyLogger - Vacancy already exists: Разработчик Java at ДЖЕЙКЕТ РАБОТА
Hibernate: 
    select
        v1_0.id 
    from
        vacancies v1_0 
    where
        v1_0.link=? 
    fetch
        first ? rows only
2025-06-07 00:47:45 [scheduling-1] INFO  c.e.service.general.VacancyLogger - Vacancy already exists: Senior Java разработчик at АТОН
Hibernate: 
    select
        v1_0.id 
    from
        vacancies v1_0 
    where
        v1_0.link=? 
    fetch
        first ? rows only
2025-06-07 00:47:45 [scheduling-1] INFO  c.e.service.general.VacancyLogger - Vacancy already exists: Junior Java-разработчик at Gridnine
Hibernate: 
    select
        v1_0.id 
    from
        vacancies v1_0 
    where
        v1_0.link=? 
    fetch
        first ? rows only
2025-06-07 00:47:45 [scheduling-1] INFO  c.e.service.general.VacancyLogger - Vacancy already exists: Backend Developer (Java/Kotlin, Spring Boot, Oracle Database) at Форлинк
Hibernate: 
    select
        v1_0.id 
    from
        vacancies v1_0 
    where
        v1_0.link=? 
    fetch
        first ? rows only
2025-06-07 00:47:45 [scheduling-1] INFO  c.e.service.general.VacancyLogger - Vacancy already exists: Java-разработчик at ВСК, САО
Hibernate: 
    select
        v1_0.id 
    from
        vacancies v1_0 
    where
        v1_0.link=? 
    fetch
        first ? rows only
2025-06-07 00:47:45 [scheduling-1] INFO  c.e.service.general.VacancyLogger - Vacancy already exists: Java-разработчик at Лига Цифровой Экономики
2025-06-07 00:47:45 [main] INFO  o.s.b.w.e.tomcat.TomcatWebServer - Tomcat started on port 8080 (http) with context path ''
Hibernate: 
    select
        v1_0.id 
    from
        vacancies v1_0 
    where
        v1_0.link=? 
    fetch
        first ? rows only
[...]
2025-06-07 00:47:50 [scheduling-1] INFO  c.e.service.general.VacancyLogger - Adding existing vacancy: Backend-Developer Python (intern/junior) at Онлайн-школа Тетрика
2025-06-07 00:47:50 [scheduling-1] INFO  c.e.service.general.VacancyLogger - Adding existing vacancy: Middle Backend-разработчик (Python) at Рекламное Агентство Смарт Консалтинг
2025-06-07 00:47:50 [scheduling-1] INFO  c.e.service.general.VacancyLogger - Adding existing vacancy: Разработчик Python Developer Middle, Middle+ (робототехника) at Робопро
2025-06-07 00:47:50 [scheduling-1] INFO  c.e.service.general.VacancyLogger - Adding existing vacancy: С/Python Developer at Криптонит
2025-06-07 00:47:50 [scheduling-1] INFO  c.e.service.general.VacancyLogger - Adding existing vacancy: Python разработчик at Павел
2025-06-07 00:47:50 [scheduling-1] INFO  c.e.service.general.VacancyLogger - Adding existing vacancy: Бэкэнд разработчик Python (Software engineer) at AC Studio
2025-06-07 00:47:50 [scheduling-1] INFO  c.e.service.general.VacancyLogger - Adding existing vacancy: Программист-разработчик Python в Fintech-компанию at FINAMP
2025-06-07 00:47:50 [scheduling-1] INFO  c.e.service.general.VacancyLogger - Adding existing vacancy: Разработчик Python (Django, DRF) at Фабрика Решений
2025-06-07 00:47:50 [scheduling-1] INFO  c.e.service.general.VacancyLogger - Adding existing vacancy: Python-разработчик at Эйчар Рокет
2025-06-07 00:47:50 [scheduling-1] INFO  c.e.service.general.VacancyLogger - Adding existing vacancy: Python (Django) backend разработчик at Gorodissky IP Security
2025-06-07 00:47:50 [scheduling-1] INFO  c.e.service.general.VacancyLogger - Adding existing vacancy: Backend разработчик (Python DRF) at idaproject
2025-06-07 00:47:50 [scheduling-1] INFO  c.e.service.general.VacancyLogger - Adding existing vacancy: Python-разработчик at Медиалогия
2025-06-07 00:47:50 [scheduling-1] INFO  c.e.service.general.VacancyLogger - Adding existing vacancy: Junior Python Разработчик at Батенев Родион Евгеньевич
2025-06-07 00:47:50 [scheduling-1] INFO  c.e.service.general.VacancyLogger - Adding existing vacancy: Python-разработчик at Компания БКС
2025-06-07 00:47:50 [scheduling-1] INFO  c.e.service.general.VacancyLogger - Adding existing vacancy: Python разработчик (интеграция) at F6
2025-06-07 00:47:50 [scheduling-1] INFO  c.e.service.general.VacancyLogger - Adding existing vacancy: Младший специалист отдела разработки (Python) / Специалист по парсингу данных at MillionAgents
2025-06-07 00:47:50 [scheduling-1] INFO  c.e.service.general.VacancyLogger - Adding existing vacancy: Python разработчик (middle/middle+) at ДИКСИ, группа компаний
2025-06-07 00:47:50 [scheduling-1] INFO  c.e.service.general.VacancyLogger - Adding existing vacancy: Python-разработчик at Сиэс Групп
2025-06-07 00:47:50 [scheduling-1] INFO  c.e.service.general.VacancyLogger - Adding existing vacancy: Аналитик данных (Power Bi, SQL, Python) at ГК ЭнергоПроф
2025-06-07 00:47:50 [scheduling-1] INFO  c.e.service.general.VacancyLogger - Adding existing vacancy: Python-разработчик at Кадровое агентство HireWay
2025-06-07 00:47:50 [scheduling-1] INFO  c.e.service.general.VacancyLogger - Adding existing vacancy: Middle Python Developer at FIX
2025-06-07 00:47:50 [scheduling-1] INFO  c.e.service.general.VacancyLogger - Adding existing vacancy: Программист-разработчик (Python/Django) / Middle back-end developer at CATAPULTO.RU
2025-06-07 00:47:50 [scheduling-1] INFO  c.e.service.general.VacancyLogger - Adding existing vacancy: AI Engineer / LLM Architect (Python, мультимодальные боты, цифровой контент) at ВиаМоби
2025-06-07 00:47:50 [scheduling-1] INFO  c.e.service.general.VacancyLogger - Adding existing vacancy: QA Automation (Python) Engineer at DCloud
2025-06-07 00:47:50 [scheduling-1] INFO  c.e.service.general.VacancyLogger - Adding existing vacancy: Middle Python Developer at ЭНГРИ
2025-06-07 00:47:50 [scheduling-1] INFO  c.e.service.general.VacancyLogger - Adding existing vacancy: Python-разработчик (Middle) at Федеральное автономное учреждение Государственный Научно-Исследовательский Институт Авиационных Систем
2025-06-07 00:47:50 [scheduling-1] INFO  c.e.service.general.VacancyLogger - Adding existing vacancy: Middle Python/FastAPI developer at Хорьков Эдуард Вячеславович
2025-06-07 00:47:50 [scheduling-1] INFO  c.e.service.general.VacancyLogger - Adding existing vacancy: Python-разработчик at НТЦ АВАНГАРД
2025-06-07 00:47:50 [scheduling-1] INFO  c.e.service.general.VacancyLogger - Adding existing vacancy: Python разработчик\Внедренец (Москва и область) at ISPsystem
2025-06-07 00:47:50 [scheduling-1] INFO  c.e.service.general.VacancyLogger - Adding existing vacancy: Middle+ Python Developer at Пикварио Технологии
2025-06-07 00:47:50 [scheduling-1] INFO  c.e.service.general.VacancyLogger - Adding existing vacancy: Senior Python developer/ Ведущий разработчик (FastAPI) at Эквариум
2025-06-07 00:47:50 [scheduling-1] INFO  c.e.service.general.VacancyLogger - Adding existing vacancy: Python разработчик at ГНИВЦ
2025-06-07 00:47:50 [scheduling-1] INFO  c.e.service.general.VacancyLogger - Adding existing vacancy: Python-разработчик (направление искусственного интеллекта) at Национальная Страховая Информационная Система
2025-06-07 00:47:50 [scheduling-1] INFO  c.e.service.general.VacancyLogger - Adding existing vacancy: Python developer middle at «Баланс-Платформа»
2025-06-07 00:47:50 [scheduling-1] INFO  c.e.service.general.VacancyLogger - Adding existing vacancy: Python-разработчик at НПЦ СпецЭлектронСистемы
2025-06-07 00:47:50 [scheduling-1] INFO  c.e.service.general.VacancyLogger - Adding existing vacancy: Python developer at АВ Софт
2025-06-07 00:47:50 [scheduling-1] INFO  c.e.service.general.VacancyLogger - Adding existing vacancy: Программист Python junior at CDNvideo (ООО СДН-видео)
2025-06-07 00:47:50 [scheduling-1] INFO  c.e.service.general.VacancyLogger - Adding existing vacancy: Python-разработчик (интеграционные решения) at Lenkep recruitment
2025-06-07 00:47:50 [scheduling-1] INFO  c.e.service.general.VacancyLogger - Adding existing vacancy: Automation QA Engineer (Python, pytest, CI/CD) at Чайкина Людмила Владимировна
2025-06-07 00:47:50 [scheduling-1] INFO  c.e.service.general.VacancyLogger - Adding existing vacancy: Python-разработчик at Ошка
2025-06-07 00:47:50 [scheduling-1] INFO  c.e.service.general.VacancyLogger - Adding existing vacancy: Разработчик Python at Angara Security
2025-06-07 00:47:50 [scheduling-1] INFO  c.e.service.general.VacancyLogger - Adding existing vacancy: Системный разработчик (Python, Linux, C++) at Xello
2025-06-07 00:47:50 [scheduling-1] INFO  c.e.service.general.VacancyLogger - Adding existing vacancy: Backend Python разработчик (Middle+/Senior) at Leads
2025-06-07 00:47:50 [scheduling-1] INFO  c.e.service.general.VacancyLogger - Adding existing vacancy: Backend-разработчик (Python) at Хайстекс
2025-06-07 00:47:50 [scheduling-1] INFO  c.e.service.general.VacancyLogger - Adding existing vacancy: Junior Python Developer / Младший backend разработчик at Okkam
2025-06-07 00:47:50 [scheduling-1] INFO  c.e.service.general.VacancyLogger - Adding existing vacancy: Middle Python-разработчик в команду региональных проектов, г. Москва at НТехЛаб
2025-06-07 00:47:50 [scheduling-1] INFO  c.e.service.general.VacancyLogger - Adding existing vacancy: Backend разработчик (Python, Django) at Бултрейд
2025-06-07 00:47:50 [scheduling-1] INFO  c.e.service.general.VacancyLogger - Adding existing vacancy: Senior Python Developer at WMT
2025-06-07 00:47:50 [scheduling-1] INFO  c.e.service.general.VacancyLogger - Adding existing vacancy: Разработчик Python at DIS Group
2025-06-07 00:47:50 [scheduling-1] INFO  c.e.service.general.VacancyLogger - Adding existing vacancy: Middle Python-разработчик at Рунити
2025-06-07 00:47:50 [scheduling-1] INFO  c.e.service.general.VacancyLogger - Adding existing vacancy: Python-разработчик at VK
2025-06-07 00:47:50 [scheduling-1] INFO  c.e.service.general.VacancyLogger - Adding existing vacancy: Backend-разработчик (Python) at Новые Телеком Решения (НТР)
2025-06-07 00:47:50 [scheduling-1] INFO  c.e.service.general.VacancyLogger - Adding existing vacancy: Инженер-программист Python (направление электрозарядные станции) at Парус электро
2025-06-07 00:47:50 [scheduling-1] INFO  c.e.service.general.VacancyLogger - Adding existing vacancy: Backend-разработчик Python at Микрокредитная Компания Небус
2025-06-07 00:47:50 [scheduling-1] INFO  c.e.service.general.VacancyLogger - Adding existing vacancy: Junior Python developer at Эквариум
2025-06-07 00:47:50 [scheduling-1] INFO  c.e.service.general.VacancyLogger - Adding existing vacancy: Младший Python-разработчик, Группа сетевой автоматизации at Ozon
2025-06-07 00:47:50 [scheduling-1] INFO  c.e.service.general.VacancyLogger - Adding existing vacancy: Backend-разработчик (Python) at Крафттех
2025-06-07 00:47:50 [scheduling-1] INFO  c.e.service.general.VacancyLogger - Adding existing vacancy: Старший разработчик (Python) at ORO
2025-06-07 00:47:50 [scheduling-1] INFO  c.e.service.general.VacancyLogger - Adding existing vacancy: Backend-разработчик (Senior, Lead Python) at Brandquad
2025-06-07 00:47:50 [scheduling-1] INFO  c.e.service.general.VacancyLogger - Adding existing vacancy: Python Junior / Middle AQA Engineer (МТС Веб Сервисы) at МТС
2025-06-07 00:47:50 [scheduling-1] INFO  c.e.service.general.VacancyLogger - Adding existing vacancy: Разработчик Python at Кинофлекс
2025-06-07 00:47:50 [scheduling-1] INFO  c.e.service.general.VacancyLogger - Adding existing vacancy: Middle Python разработчик (Django) at Production IT
2025-06-07 00:47:50 [scheduling-1] INFO  c.e.service.general.VacancyLogger - Adding existing vacancy: Разработчик Python at ProfiStaff
2025-06-07 00:47:50 [scheduling-1] INFO  c.e.service.general.VacancyLogger - Adding existing vacancy: Python developer (Senior\Lead) at GETMOBIT
2025-06-07 00:47:50 [scheduling-1] INFO  c.e.service.general.VacancyLogger - Adding existing vacancy: Junior Python Developer at ГК «МТ-Интеграция»
2025-06-07 00:47:50 [scheduling-1] INFO  c.e.service.general.VacancyLogger - Adding existing vacancy: Python-разработчик в MSK at НТехЛаб
2025-06-07 00:47:50 [scheduling-1] INFO  c.e.service.general.VacancyLogger - Adding existing vacancy: Python Developer (ML team) at Домклик
2025-06-07 00:47:50 [scheduling-1] INFO  c.e.service.general.VacancyLogger - Adding existing vacancy: Middle Python Developer at Игроник
2025-06-07 00:47:50 [scheduling-1] INFO  c.e.service.general.VacancyLogger - Adding existing vacancy: Python backend-разработчик at NFCKEY
2025-06-07 00:47:50 [scheduling-1] INFO  c.e.service.general.VacancyLogger - Adding existing vacancy: Python-разработчик (парсинг) at Аптрейд
2025-06-07 00:47:50 [scheduling-1] INFO  c.e.service.general.VacancyLogger - Adding existing vacancy: Python developer at eXpress
2025-06-07 00:47:50 [scheduling-1] INFO  c.e.service.general.VacancyLogger - Adding existing vacancy: Разработчик Python at Ростелеком Информационные Технологии
2025-06-07 00:47:50 [scheduling-1] INFO  c.e.service.general.VacancyLogger - Adding existing vacancy: Python-разработчик (Middle/Senior) at Умскул
2025-06-07 00:47:50 [scheduling-1] INFO  c.e.service.general.VacancyLogger - Adding existing vacancy: Python Engineer (LLM Evaluation & Analytics Engineer) at Воронцова Тамара Александровна
2025-06-07 00:47:50 [scheduling-1] INFO  c.e.service.general.VacancyLogger - Adding existing vacancy: Senior Python Developer at OpenWeather Ltd.
2025-06-07 00:47:50 [scheduling-1] INFO  c.e.service.general.VacancyLogger - Adding existing vacancy: Project-менеджер Python (junior/middle) at i-Media
2025-06-07 00:47:50 [scheduling-1] INFO  c.e.service.general.VacancyLogger - Adding existing vacancy: Python-разработчик at Лаборатория Безопасных Систем
2025-06-07 00:47:50 [scheduling-1] INFO  c.e.service.general.VacancyLogger - Adding existing vacancy: Middle Python backend developer (FastAPI) at РА Дельта
2025-06-07 00:47:50 [scheduling-1] INFO  c.e.service.general.VacancyLogger - Adding existing vacancy: Middle+/Senior Python developer at Спортлевел
2025-06-07 00:47:50 [scheduling-1] INFO  c.e.service.general.VacancyLogger - Adding existing vacancy: Программист-разработчик (Python) at ФАУ Единый институт пространственного планирования РФ
2025-06-07 00:47:50 [scheduling-1] INFO  c.e.service.general.VacancyLogger - Adding existing vacancy: Начинающий Python разработчик (работа с биологическими данными) at ФГБУ ЦСП ФМБА России
2025-06-07 00:47:50 [scheduling-1] INFO  c.e.service.general.VacancyLogger - Adding existing vacancy: Python developer (Проект "Платформа") Офис! at EdgeЦентр
2025-06-07 00:47:50 [scheduling-1] INFO  c.e.service.general.VacancyLogger - Fetching page 0
2025-06-07 00:47:50 [scheduling-1] INFO  c.e.service.general.VacancyLogger - Fetching page 0
2025-06-07 00:47:50 [main] WARN  o.s.b.a.o.j.JpaBaseConfiguration$JpaWebConfiguration - spring.jpa.open-in-view is enabled by default. Therefore, database queries may be performed during view rendering. Explicitly configure spring.jpa.open-in-view to disable this warning
2025-06-07 00:47:50 [main] INFO  o.s.b.a.w.s.WelcomePageHandlerMapping - Adding welcome page template: index
Hibernate: 
    select
        v1_0.id 
    from
        vacancies v1_0 
    where
        v1_0.link=? 
    fetch
        first ? rows only
Hibernate: 
    select
        v1_0.id 
    from
        vacancies v1_0 
    where
        v1_0.link=? 
    fetch
        first ? rows only
Hibernate: 
    select
        v1_0.id 
    from
        vacancies v1_0 
    where
        v1_0.link=? 
    fetch
        first ? rows only
Hibernate: 
    select
        v1_0.id 
    from
        vacancies v1_0 
    where
        v1_0.link=? 
    fetch
        first ? rows only
Hibernate: 
    select
        v1_0.id 
    from
        vacancies v1_0 
    where
        v1_0.link=? 
    fetch
        first ? rows only
Hibernate: 
    select
        v1_0.id 
    from
        vacancies v1_0 
    where
        v1_0.link=? 
    fetch
        first ? rows only
Hibernate: 
    select
        v1_0.id 
    from
        vacancies v1_0 
    where
        v1_0.link=? 
    fetch
        first ? rows only
Hibernate: 
    select
        v1_0.id 
    from
        vacancies v1_0 
    where
        v1_0.link=? 
    fetch
        first ? rows only
Hibernate: 
    select
        v1_0.id 
    from
        vacancies v1_0 
    where
        v1_0.link=? 
    fetch
        first ? rows only
Hibernate: 
    select
        v1_0.id 
    from
        vacancies v1_0 
    where
        v1_0.link=? 
    fetch
        first ? rows only
Hibernate: 
    select
        v1_0.id 
    from
        vacancies v1_0 
    where
        v1_0.link=? 
    fetch
        first ? rows only
Hibernate: 
    select
        v1_0.id 
    from
        vacancies v1_0 
    where
        v1_0.link=? 
    fetch
        first ? rows only
Hibernate: 
    select
        v1_0.id 
    from
        vacancies v1_0 
    where
        v1_0.link=? 
    fetch
        first ? rows only
Hibernate: 
    select
        v1_0.id 
    from
        vacancies v1_0 
    where
        v1_0.link=? 
    fetch
        first ? rows only
Hibernate: 
    select
        v1_0.id 
    from
        vacancies v1_0 
    where
        v1_0.link=? 
    fetch
        first ? rows only
Hibernate: 
    select
        v1_0.id 
    from
        vacancies v1_0 
    where
        v1_0.link=? 
    fetch
        first ? rows only
Hibernate: 
    select
        v1_0.id 
    from
        vacancies v1_0 
    where
        v1_0.link=? 
    fetch
        first ? rows only
Hibernate: 
    select
        v1_0.id 
    from
        vacancies v1_0 
    where
        v1_0.link=? 
    fetch
        first ? rows only
Hibernate: 
    select
        v1_0.id 
    from
        vacancies v1_0 
    where
        v1_0.link=? 
    fetch
        first ? rows only
Hibernate: 
    select
        v1_0.id 
    from
        vacancies v1_0 
    where
        v1_0.link=? 
    fetch
        first ? rows only
Hibernate: 
    select
        v1_0.id 
    from
        vacancies v1_0 
    where
        v1_0.link=? 
    fetch
        first ? rows only
Hibernate: 
    select
        v1_0.id 
    from
        vacancies v1_0 
    where
        v1_0.link=? 
    fetch
        first ? rows only
Hibernate: 
    select
        v1_0.id 
    from
        vacancies v1_0 
    where
        v1_0.link=? 
    fetch
        first ? rows only
Hibernate: 
    select
        v1_0.id 
    from
        vacancies v1_0 
    where
        v1_0.link=? 
    fetch
        first ? rows only
Hibernate: 
    select
        v1_0.id 
    from
        vacancies v1_0 
    where
        v1_0.link=? 
    fetch
        first ? rows only
Hibernate: 
    select
        v1_0.id 
    from
        vacancies v1_0 
    where
        v1_0.link=? 
    fetch
        first ? rows only
Hibernate: 
    select
        v1_0.id 
    from
        vacancies v1_0 
    where
        v1_0.link=? 
    fetch
        first ? rows only
Hibernate: 
    select
        v1_0.id 
    from
        vacancies v1_0 
    where
        v1_0.link=? 
    fetch
        first ? rows only
Hibernate: 
    select
        v1_0.id 
    from
        vacancies v1_0 
    where
        v1_0.link=? 
    fetch
        first ? rows only
Hibernate: 
    select
        v1_0.id 
    from
        vacancies v1_0 
    where
        v1_0.link=? 
    fetch
        first ? rows only
2025-06-07 00:47:50 [scheduling-1] INFO  c.e.service.general.VacancyLogger - Fetching page 1
2025-06-07 00:47:50 [scheduling-1] INFO  c.e.service.general.VacancyLogger - Fetching page 1
2025-06-07 00:47:50 [main] WARN  o.s.b.w.s.c.AnnotationConfigServletWebServerApplicationContext - Exception encountered during context initialization - cancelling refresh attempt: org.springframework.context.ApplicationContextException: Failed to start bean 'webServerStartStop'
2025-06-07 00:47:50 [main] INFO  o.s.o.j.LocalContainerEntityManagerFactoryBean - Closing JPA EntityManagerFactory for persistence unit 'default'
2025-06-07 00:47:50 [main] INFO  com.zaxxer.hikari.HikariDataSource - HikariPool-3 - Shutdown initiated...
2025-06-07 00:47:50 [main] INFO  com.zaxxer.hikari.HikariDataSource - HikariPool-3 - Shutdown completed.
2025-06-07 00:47:50 [main] INFO  o.s.b.a.l.ConditionEvaluationReportLogger - 

Error starting ApplicationContext. To display the condition evaluation report re-run your application with 'debug' enabled.
2025-06-07 00:47:50 [main] ERROR o.s.b.d.LoggingFailureAnalysisReporter - 

***************************
APPLICATION FAILED TO START
***************************

Description:

Web server failed to start. Port 8080 was already in use.

Action:

Identify and stop the process that's listening on port 8080 or configure this application to listen on another port.

]]></system-out>
  </testcase>
  <testcase name="contextLoads" classname="com.example.AppTest" time="0.011">
    <system-out><![CDATA[Hibernate: 
    select
        v1_0.id 
    from
        vacancies v1_0 
    where
        v1_0.link=? 
    fetch
        first ? rows only
2025-06-07 00:47:45 [scheduling-1] INFO  c.e.service.general.VacancyLogger - Vacancy already exists: Разработчик ( Java / React ) Платёжный сервис at ГКУ Инфогород
Hibernate: 
    select
        v1_0.id 
    from
        vacancies v1_0 
    where
        v1_0.link=? 
    fetch
        first ? rows only
2025-06-07 00:47:45 [scheduling-1] INFO  c.e.service.general.VacancyLogger - Found 396 existing vacancies in database
2025-06-07 00:47:45 [scheduling-1] INFO  c.e.service.general.VacancyLogger - Search parameters - Language: Java, City: Москва
2025-06-07 00:47:45 [scheduling-1] INFO  c.e.service.general.VacancyLogger - Vacancy already exists: Java-разработчик at Рефни
]]></system-out>
  </testcase>
  <testcase name="contextLoads" classname="com.example.AppTest" time="0.002"/>
</testsuite>