<?xml version="1.0" encoding="UTF-8"?>
<testsuite xmlns:xsi="http://www.w3.org/2001/XMLSchema-instance" xsi:noNamespaceSchemaLocation="https://maven.apache.org/surefire/maven-surefire-plugin/xsd/surefire-test-report-3.0.xsd" version="3.0" name="com.example.service.hh.HhApiTest" time="0.01" tests="4" errors="0" skipped="0" failures="0">
  <properties>
[...]
</properties>
  <testcase name="fetchVacanciesPageDifferentCity" classname="com.example.service.hh.HhApiTest" time="0.593">
    <system-out><![CDATA[Hibernate: 
    select
        v1_0.id 
    from
        vacancies v1_0 
    where
        v1_0.link=? 
    fetch
        first ? rows only
Hibernate: 
    select
        v1_0.id 
    from
        vacancies v1_0 
    where
        v1_0.link=? 
    fetch
        first ? rows only
Hibernate: 
    select
        v1_0.id 
    from
        vacancies v1_0 
    where
        v1_0.link=? 
    fetch
        first ? rows only
Hibernate: 
    select
        v1_0.id 
    from
        vacancies v1_0 
    where
        v1_0.link=? 
    fetch
        first ? rows only
Hibernate: 
    select
        v1_0.id 
    from
        vacancies v1_0 
    where
        v1_0.link=? 
    fetch
        first ? rows only
Hibernate: 
    select
        v1_0.id 
    from
        vacancies v1_0 
    where
        v1_0.link=? 
    fetch
        first ? rows only
Hibernate: 
    select
        v1_0.id 
    from
        vacancies v1_0 
    where
        v1_0.link=? 
    fetch
        first ? rows only
Hibernate: 
    select
        v1_0.id 
    from
        vacancies v1_0 
    where
        v1_0.link=? 
    fetch
        first ? rows only
Hibernate: 
    select
        v1_0.id 
    from
        vacancies v1_0 
    where
        v1_0.link=? 
    fetch
        first ? rows only
2025-06-07 00:47:49 [scheduling-1] INFO  c.e.service.general.VacancyLogger - Fetching page 9
2025-06-07 00:47:49 [scheduling-1] INFO  c.e.service.general.VacancyLogger - Fetching page 9
Hibernate: 
    select
        v1_0.id 
    from
        vacancies v1_0 
    where
        v1_0.link=? 
    fetch
        first ? rows only
Hibernate: 
    select
        v1_0.id 
    from
        vacancies v1_0 
    where
        v1_0.link=? 
    fetch
        first ? rows only
Hibernate: 
    select
        v1_0.id 
    from
        vacancies v1_0 
    where
        v1_0.link=? 
    fetch
        first ? rows only
Hibernate: 
    select
        v1_0.id 
    from
        vacancies v1_0 
    where
        v1_0.link=? 
    fetch
        first ? rows only
Hibernate: 
    select
        v1_0.id 
    from
        vacancies v1_0 
    where
        v1_0.link=? 
    fetch
        first ? rows only
Hibernate: 
    select
        v1_0.id 
    from
        vacancies v1_0 
    where
        v1_0.link=? 
    fetch
        first ? rows only
Hibernate: 
    select
        v1_0.id 
    from
        vacancies v1_0 
    where
        v1_0.link=? 
    fetch
        first ? rows only
Hibernate: 
    select
        v1_0.id 
    from
        vacancies v1_0 
    where
        v1_0.link=? 
    fetch
        first ? rows only
Hibernate: 
    select
        v1_0.id 
    from
        vacancies v1_0 
    where
        v1_0.link=? 
    fetch
        first ? rows only
Hibernate: 
    select
        v1_0.id 
    from
        vacancies v1_0 
    where
        v1_0.link=? 
    fetch
        first ? rows only
Hibernate: 
    select
        v1_0.id 
    from
        vacancies v1_0 
    where
        v1_0.link=? 
    fetch
        first ? rows only
Hibernate: 
    select
        v1_0.id 
    from
        vacancies v1_0 
    where
        v1_0.link=? 
    fetch
        first ? rows only
Hibernate: 
    select
        v1_0.id 
    from
        vacancies v1_0 
    where
        v1_0.link=? 
    fetch
        first ? rows only
Hibernate: 
    select
        v1_0.id 
    from
        vacancies v1_0 
    where
        v1_0.link=? 
    fetch
        first ? rows only
Hibernate: 
    select
        v1_0.id 
    from
        vacancies v1_0 
    where
        v1_0.link=? 
    fetch
        first ? rows only
Hibernate: 
    select
        v1_0.id 
    from
        vacancies v1_0 
    where
        v1_0.link=? 
    fetch
        first ? rows only
Hibernate: 
    select
        v1_0.id 
    from
        vacancies v1_0 
    where
        v1_0.link=? 
    fetch
        first ? rows only
Hibernate: 
    select
        v1_0.id 
    from
        vacancies v1_0 
    where
        v1_0.link=? 
    fetch
        first ? rows only
Hibernate: 
    select
        v1_0.id 
    from
        vacancies v1_0 
    where
        v1_0.link=? 
    fetch
        first ? rows only
Hibernate: 
    select
        v1_0.id 
    from
        vacancies v1_0 
    where
        v1_0.link=? 
    fetch
        first ? rows only
Hibernate: 
    select
        v1_0.id 
    from
        vacancies v1_0 
    where
        v1_0.link=? 
    fetch
        first ? rows only
Hibernate: 
    select
        v1_0.id 
    from
        vacancies v1_0 
    where
        v1_0.link=? 
    fetch
        first ? rows only
Hibernate: 
    select
        v1_0.id 
    from
        vacancies v1_0 
    where
        v1_0.link=? 
    fetch
        first ? rows only
Hibernate: 
    select
        v1_0.id 
    from
        vacancies v1_0 
    where
        v1_0.link=? 
    fetch
        first ? rows only
Hibernate: 
    select
        v1_0.id 
    from
        vacancies v1_0 
    where
        v1_0.link=? 
    fetch
        first ? rows only
Hibernate: 
    select
        v1_0.id 
    from
        vacancies v1_0 
    where
        v1_0.link=? 
    fetch
        first ? rows only
Hibernate: 
    select
        v1_0.id 
    from
        vacancies v1_0 
    where
        v1_0.link=? 
    fetch
        first ? rows only
Hibernate: 
    select
        v1_0.id 
    from
        vacancies v1_0 
    where
        v1_0.link=? 
    fetch
        first ? rows only
Hibernate: 
    select
        v1_0.id 
    from
        vacancies v1_0 
    where
        v1_0.link=? 
    fetch
        first ? rows only
Hibernate: 
    select
        v1_0.id 
    from
        vacancies v1_0 
    where
        v1_0.link=? 
    fetch
        first ? rows only
2025-06-07 00:47:49 [scheduling-1] INFO  c.e.service.general.VacancyLogger - Fetching page 7
2025-06-07 00:47:49 [scheduling-1] INFO  c.e.service.general.VacancyLogger - Fetching page 7
Hibernate: 
    select
        v1_0.id 
    from
        vacancies v1_0 
    where
        v1_0.link=? 
    fetch
        first ? rows only
Hibernate: 
    select
        v1_0.id 
    from
        vacancies v1_0 
    where
        v1_0.link=? 
    fetch
        first ? rows only
Hibernate: 
    select
        v1_0.id 
    from
        vacancies v1_0 
    where
        v1_0.link=? 
    fetch
        first ? rows only
Hibernate: 
    select
        v1_0.id 
    from
        vacancies v1_0 
    where
        v1_0.link=? 
    fetch
        first ? rows only
Hibernate: 
    select
        v1_0.id 
    from
        vacancies v1_0 
    where
        v1_0.link=? 
    fetch
        first ? rows only
Hibernate: 
    select
        v1_0.id 
    from
        vacancies v1_0 
    where
        v1_0.link=? 
    fetch
        first ? rows only
Hibernate: 
    select
        v1_0.id 
    from
        vacancies v1_0 
    where
        v1_0.link=? 
    fetch
        first ? rows only
Hibernate: 
    select
        v1_0.id 
    from
        vacancies v1_0 
    where
        v1_0.link=? 
    fetch
        first ? rows only
Hibernate: 
    select
        v1_0.id 
    from
        vacancies v1_0 
    where
        v1_0.link=? 
    fetch
        first ? rows only
Hibernate: 
    select
        v1_0.id 
    from
        vacancies v1_0 
    where
        v1_0.link=? 
    fetch
        first ? rows only
Hibernate: 
    select
        v1_0.id 
    from
        vacancies v1_0 
    where
        v1_0.link=? 
    fetch
        first ? rows only
Hibernate: 
    select
        v1_0.id 
    from
        vacancies v1_0 
    where
        v1_0.link=? 
    fetch
        first ? rows only
Hibernate: 
    select
        v1_0.id 
    from
        vacancies v1_0 
    where
        v1_0.link=? 
    fetch
        first ? rows only
Hibernate: 
    select
        v1_0.id 
    from
        vacancies v1_0 
    where
        v1_0.link=? 
    fetch
        first ? rows only
Hibernate: 
    select
        v1_0.id 
    from
        vacancies v1_0 
    where
        v1_0.link=? 
    fetch
        first ? rows only
Hibernate: 
    select
        v1_0.id 
    from
        vacancies v1_0 
    where
        v1_0.link=? 
    fetch
        first ? rows only
Hibernate: 
    select
        v1_0.id 
    from
        vacancies v1_0 
    where
        v1_0.link=? 
    fetch
        first ? rows only
Hibernate: 
    select
        v1_0.id 
    from
        vacancies v1_0 
    where
        v1_0.link=? 
    fetch
        first ? rows only
Hibernate: 
    select
        v1_0.id 
    from
        vacancies v1_0 
    where
        v1_0.link=? 
    fetch
        first ? rows only
Hibernate: 
    select
        v1_0.id 
    from
        vacancies v1_0 
    where
        v1_0.link=? 
    fetch
        first ? rows only
Hibernate: 
    select
        v1_0.id 
    from
        vacancies v1_0 
    where
        v1_0.link=? 
    fetch
        first ? rows only
Hibernate: 
    select
        v1_0.id 
    from
        vacancies v1_0 
    where
        v1_0.link=? 
    fetch
        first ? rows only
Hibernate: 
    select
        v1_0.id 
    from
        vacancies v1_0 
    where
        v1_0.link=? 
    fetch
        first ? rows only
Hibernate: 
    select
        v1_0.id 
    from
        vacancies v1_0 
    where
        v1_0.link=? 
    fetch
        first ? rows only
Hibernate: 
    select
        v1_0.id 
    from
        vacancies v1_0 
    where
        v1_0.link=? 
    fetch
        first ? rows only
Hibernate: 
    select
        v1_0.id 
    from
        vacancies v1_0 
    where
        v1_0.link=? 
    fetch
        first ? rows only
Hibernate: 
    select
        v1_0.id 
    from
        vacancies v1_0 
    where
        v1_0.link=? 
    fetch
        first ? rows only
Hibernate: 
    select
        v1_0.id 
    from
        vacancies v1_0 
    where
        v1_0.link=? 
    fetch
        first ? rows only
Hibernate: 
    select
        v1_0.id 
    from
        vacancies v1_0 
    where
        v1_0.link=? 
    fetch
        first ? rows only
Hibernate: 
    select
        v1_0.id 
    from
        vacancies v1_0 
    where
        v1_0.link=? 
    fetch
        first ? rows only
2025-06-07 00:47:49 [scheduling-1] INFO  c.e.service.general.VacancyLogger - Summary - Saved: 0, Skipped: 0, From DB: 396, Total in result: 396
2025-06-07 00:47:49 [scheduling-1] INFO  c.e.service.general.VacancyLogger - Starting to fetch vacancies for language: Python and city: Москва
Hibernate: 
    select
        v1_0.id,
        v1_0.city,
        v1_0.company,
        v1_0.currency,
        v1_0.language,
        v1_0.link,
        v1_0.published_at,
        v1_0.requirement,
        v1_0.responsibility,
        v1_0.salary_from,
        v1_0.salary_to,
        v1_0.title 
    from
        vacancies v1_0 
    where
        (
            ? is null 
            or v1_0.language=?
        ) 
        and (
            ? is null 
            or v1_0.city=?
        )
2025-06-07 00:47:49 [scheduling-1] INFO  c.e.service.general.VacancyLogger - Found 100 existing vacancies in database
2025-06-07 00:47:49 [scheduling-1] INFO  c.e.service.general.VacancyLogger - Search parameters - Language: Python, City: Москва
2025-06-07 00:47:49 [scheduling-1] INFO  c.e.service.general.VacancyLogger - Adding existing vacancy: Python Разработчик at Батенев Родион Евгеньевич
2025-06-07 00:47:49 [scheduling-1] INFO  c.e.service.general.VacancyLogger - Adding existing vacancy: Middle+/Senior Python разработчик at Blue underlined link
2025-06-07 00:47:49 [scheduling-1] INFO  c.e.service.general.VacancyLogger - Adding existing vacancy: Python-разработчик at Базальт СПО
2025-06-07 00:47:49 [scheduling-1] INFO  c.e.service.general.VacancyLogger - Adding existing vacancy: Python-разработчик at КРОК
2025-06-07 00:47:49 [scheduling-1] INFO  c.e.service.general.VacancyLogger - Adding existing vacancy: Python -разработчик at Танто Солюшнз
2025-06-07 00:47:49 [scheduling-1] INFO  c.e.service.general.VacancyLogger - Adding existing vacancy: Python Developer at Аренадата Софтвер
2025-06-07 00:47:49 [scheduling-1] INFO  c.e.service.general.VacancyLogger - Adding existing vacancy: Python разработчик at Corporate Performance Systems
2025-06-07 00:47:49 [scheduling-1] INFO  c.e.service.general.VacancyLogger - Adding existing vacancy: Python-разработчик at Первый Бит
2025-06-07 00:47:49 [scheduling-1] INFO  c.e.service.general.VacancyLogger - Adding existing vacancy: Backend разработчик python (junior) at BND LLC
2025-06-07 00:47:49 [scheduling-1] INFO  c.e.service.general.VacancyLogger - Adding existing vacancy: Python-разработчик at Спец-ЭК
2025-06-07 00:47:49 [scheduling-1] INFO  c.e.service.general.VacancyLogger - Adding existing vacancy: Python-разработчик at Qualitica
2025-06-07 00:47:49 [scheduling-1] INFO  c.e.service.general.VacancyLogger - Adding existing vacancy: Python-разработчик at CoMagic.dev
2025-06-07 00:47:49 [scheduling-1] INFO  c.e.service.general.VacancyLogger - Adding existing vacancy: Python developer (Senior) at AYA Group
2025-06-07 00:47:49 [scheduling-1] INFO  c.e.service.general.VacancyLogger - Adding existing vacancy: Python developer at Ваш KPI
2025-06-07 00:47:49 [scheduling-1] INFO  c.e.service.general.VacancyLogger - Adding existing vacancy: Python-разработчик (Linux / Highload инфраструктура) at HR Prime
2025-06-07 00:47:49 [scheduling-1] INFO  c.e.service.general.VacancyLogger - Adding existing vacancy: Разработчик искусственного интеллекта/python-backend at Геномед
2025-06-07 00:47:49 [scheduling-1] INFO  c.e.service.general.VacancyLogger - Adding existing vacancy: Python-разработчик (проект) at Хэндсапп
2025-06-07 00:47:49 [scheduling-1] INFO  c.e.service.general.VacancyLogger - Adding existing vacancy: Python-разработчик at Soft Media Group
2025-06-07 00:47:49 [scheduling-1] INFO  c.e.service.general.VacancyLogger - Adding existing vacancy: Backend-Developer Python (intern/junior) at Онлайн-школа Тетрика
2025-06-07 00:47:49 [scheduling-1] INFO  c.e.service.general.VacancyLogger - Adding existing vacancy: Middle Backend-разработчик (Python) at Рекламное Агентство Смарт Консалтинг
2025-06-07 00:47:49 [scheduling-1] INFO  c.e.service.general.VacancyLogger - Adding existing vacancy: Разработчик Python Developer Middle, Middle+ (робототехника) at Робопро
2025-06-07 00:47:49 [scheduling-1] INFO  c.e.service.general.VacancyLogger - Adding existing vacancy: С/Python Developer at Криптонит
2025-06-07 00:47:49 [scheduling-1] INFO  c.e.service.general.VacancyLogger - Adding existing vacancy: Python разработчик at Павел
2025-06-07 00:47:49 [scheduling-1] INFO  c.e.service.general.VacancyLogger - Adding existing vacancy: Бэкэнд разработчик Python (Software engineer) at AC Studio
2025-06-07 00:47:49 [scheduling-1] INFO  c.e.service.general.VacancyLogger - Adding existing vacancy: Программист-разработчик Python в Fintech-компанию at FINAMP
2025-06-07 00:47:49 [scheduling-1] INFO  c.e.service.general.VacancyLogger - Adding existing vacancy: Разработчик Python (Django, DRF) at Фабрика Решений
2025-06-07 00:47:49 [scheduling-1] INFO  c.e.service.general.VacancyLogger - Adding existing vacancy: Python-разработчик at Эйчар Рокет
2025-06-07 00:47:49 [scheduling-1] INFO  c.e.service.general.VacancyLogger - Adding existing vacancy: Python (Django) backend разработчик at Gorodissky IP Security
2025-06-07 00:47:49 [scheduling-1] INFO  c.e.service.general.VacancyLogger - Adding existing vacancy: Backend разработчик (Python DRF) at idaproject
2025-06-07 00:47:49 [scheduling-1] INFO  c.e.service.general.VacancyLogger - Adding existing vacancy: Python-разработчик at Медиалогия
2025-06-07 00:47:49 [scheduling-1] INFO  c.e.service.general.VacancyLogger - Adding existing vacancy: Junior Python Разработчик at Батенев Родион Евгеньевич
2025-06-07 00:47:49 [scheduling-1] INFO  c.e.service.general.VacancyLogger - Adding existing vacancy: Python-разработчик at Компания БКС
2025-06-07 00:47:49 [scheduling-1] INFO  c.e.service.general.VacancyLogger - Adding existing vacancy: Python разработчик (интеграция) at F6
2025-06-07 00:47:49 [scheduling-1] INFO  c.e.service.general.VacancyLogger - Adding existing vacancy: Младший специалист отдела разработки (Python) / Специалист по парсингу данных at MillionAgents
2025-06-07 00:47:49 [scheduling-1] INFO  c.e.service.general.VacancyLogger - Adding existing vacancy: Python разработчик (middle/middle+) at ДИКСИ, группа компаний
2025-06-07 00:47:49 [scheduling-1] INFO  c.e.service.general.VacancyLogger - Adding existing vacancy: Python-разработчик at Сиэс Групп
2025-06-07 00:47:49 [scheduling-1] INFO  c.e.service.general.VacancyLogger - Adding existing vacancy: Аналитик данных (Power Bi, SQL, Python) at ГК ЭнергоПроф
2025-06-07 00:47:49 [scheduling-1] INFO  c.e.service.general.VacancyLogger - Adding existing vacancy: Python-разработчик at Кадровое агентство HireWay
2025-06-07 00:47:49 [scheduling-1] INFO  c.e.service.general.VacancyLogger - Adding existing vacancy: Middle Python Developer at FIX
2025-06-07 00:47:49 [scheduling-1] INFO  c.e.service.general.VacancyLogger - Adding existing vacancy: Программист-разработчик (Python/Django) / Middle back-end developer at CATAPULTO.RU
2025-06-07 00:47:49 [scheduling-1] INFO  c.e.service.general.VacancyLogger - Adding existing vacancy: AI Engineer / LLM Architect (Python, мультимодальные боты, цифровой контент) at ВиаМоби
2025-06-07 00:47:49 [scheduling-1] INFO  c.e.service.general.VacancyLogger - Adding existing vacancy: QA Automation (Python) Engineer at DCloud
2025-06-07 00:47:49 [scheduling-1] INFO  c.e.service.general.VacancyLogger - Adding existing vacancy: Middle Python Developer at ЭНГРИ
2025-06-07 00:47:49 [scheduling-1] INFO  c.e.service.general.VacancyLogger - Adding existing vacancy: Python-разработчик (Middle) at Федеральное автономное учреждение Государственный Научно-Исследовательский Институт Авиационных Систем
2025-06-07 00:47:49 [scheduling-1] INFO  c.e.service.general.VacancyLogger - Adding existing vacancy: Middle Python/FastAPI developer at Хорьков Эдуард Вячеславович
2025-06-07 00:47:49 [scheduling-1] INFO  c.e.service.general.VacancyLogger - Adding existing vacancy: Python-разработчик at НТЦ АВАНГАРД
2025-06-07 00:47:49 [scheduling-1] INFO  c.e.service.general.VacancyLogger - Adding existing vacancy: Python разработчик\Внедренец (Москва и область) at ISPsystem
2025-06-07 00:47:49 [scheduling-1] INFO  c.e.service.general.VacancyLogger - Adding existing vacancy: Middle+ Python Developer at Пикварио Технологии
2025-06-07 00:47:49 [scheduling-1] INFO  c.e.service.general.VacancyLogger - Adding existing vacancy: Senior Python developer/ Ведущий разработчик (FastAPI) at Эквариум
2025-06-07 00:47:49 [scheduling-1] INFO  c.e.service.general.VacancyLogger - Adding existing vacancy: Python разработчик at ГНИВЦ
2025-06-07 00:47:49 [scheduling-1] INFO  c.e.service.general.VacancyLogger - Adding existing vacancy: Python-разработчик (направление искусственного интеллекта) at Национальная Страховая Информационная Система
2025-06-07 00:47:49 [scheduling-1] INFO  c.e.service.general.VacancyLogger - Adding existing vacancy: Python developer middle at «Баланс-Платформа»
2025-06-07 00:47:49 [scheduling-1] INFO  c.e.service.general.VacancyLogger - Adding existing vacancy: Python-разработчик at НПЦ СпецЭлектронСистемы
2025-06-07 00:47:49 [scheduling-1] INFO  c.e.service.general.VacancyLogger - Adding existing vacancy: Python developer at АВ Софт
2025-06-07 00:47:49 [scheduling-1] INFO  c.e.service.general.VacancyLogger - Adding existing vacancy: Программист Python junior at CDNvideo (ООО СДН-видео)
2025-06-07 00:47:49 [scheduling-1] INFO  c.e.service.general.VacancyLogger - Adding existing vacancy: Python-разработчик (интеграционные решения) at Lenkep recruitment
2025-06-07 00:47:49 [scheduling-1] INFO  c.e.service.general.VacancyLogger - Adding existing vacancy: Automation QA Engineer (Python, pytest, CI/CD) at Чайкина Людмила Владимировна
2025-06-07 00:47:49 [scheduling-1] INFO  c.e.service.general.VacancyLogger - Adding existing vacancy: Python-разработчик at Ошка
2025-06-07 00:47:49 [scheduling-1] INFO  c.e.service.general.VacancyLogger - Adding existing vacancy: Разработчик Python at Angara Security
2025-06-07 00:47:49 [scheduling-1] INFO  c.e.service.general.VacancyLogger - Adding existing vacancy: Системный разработчик (Python, Linux, C++) at Xello
2025-06-07 00:47:49 [scheduling-1] INFO  c.e.service.general.VacancyLogger - Adding existing vacancy: Backend Python разработчик (Middle+/Senior) at Leads
2025-06-07 00:47:49 [scheduling-1] INFO  c.e.service.general.VacancyLogger - Adding existing vacancy: Backend-разработчик (Python) at Хайстекс
2025-06-07 00:47:49 [scheduling-1] INFO  c.e.service.general.VacancyLogger - Adding existing vacancy: Junior Python Developer / Младший backend разработчик at Okkam
2025-06-07 00:47:49 [scheduling-1] INFO  c.e.service.general.VacancyLogger - Adding existing vacancy: Middle Python-разработчик в команду региональных проектов, г. Москва at НТехЛаб
2025-06-07 00:47:49 [scheduling-1] INFO  c.e.service.general.VacancyLogger - Adding existing vacancy: Backend разработчик (Python, Django) at Бултрейд
2025-06-07 00:47:49 [scheduling-1] INFO  c.e.service.general.VacancyLogger - Adding existing vacancy: Senior Python Developer at WMT
2025-06-07 00:47:49 [scheduling-1] INFO  c.e.service.general.VacancyLogger - Adding existing vacancy: Разработчик Python at DIS Group
2025-06-07 00:47:49 [scheduling-1] INFO  c.e.service.general.VacancyLogger - Adding existing vacancy: Middle Python-разработчик at Рунити
2025-06-07 00:47:49 [scheduling-1] INFO  c.e.service.general.VacancyLogger - Adding existing vacancy: Python-разработчик at VK
2025-06-07 00:47:49 [scheduling-1] INFO  c.e.service.general.VacancyLogger - Adding existing vacancy: Backend-разработчик (Python) at Новые Телеком Решения (НТР)
2025-06-07 00:47:49 [scheduling-1] INFO  c.e.service.general.VacancyLogger - Adding existing vacancy: Инженер-программист Python (направление электрозарядные станции) at Парус электро
2025-06-07 00:47:49 [scheduling-1] INFO  c.e.service.general.VacancyLogger - Adding existing vacancy: Backend-разработчик Python at Микрокредитная Компания Небус
2025-06-07 00:47:49 [scheduling-1] INFO  c.e.service.general.VacancyLogger - Adding existing vacancy: Junior Python developer at Эквариум
2025-06-07 00:47:49 [scheduling-1] INFO  c.e.service.general.VacancyLogger - Adding existing vacancy: Младший Python-разработчик, Группа сетевой автоматизации at Ozon
2025-06-07 00:47:49 [scheduling-1] INFO  c.e.service.general.VacancyLogger - Adding existing vacancy: Backend-разработчик (Python) at Крафттех
2025-06-07 00:47:49 [scheduling-1] INFO  c.e.service.general.VacancyLogger - Adding existing vacancy: Старший разработчик (Python) at ORO
2025-06-07 00:47:49 [scheduling-1] INFO  c.e.service.general.VacancyLogger - Adding existing vacancy: Backend-разработчик (Senior, Lead Python) at Brandquad
2025-06-07 00:47:49 [scheduling-1] INFO  c.e.service.general.VacancyLogger - Adding existing vacancy: Python Junior / Middle AQA Engineer (МТС Веб Сервисы) at МТС
2025-06-07 00:47:49 [scheduling-1] INFO  c.e.service.general.VacancyLogger - Adding existing vacancy: Разработчик Python at Кинофлекс
2025-06-07 00:47:49 [scheduling-1] INFO  c.e.service.general.VacancyLogger - Adding existing vacancy: Middle Python разработчик (Django) at Production IT
2025-06-07 00:47:49 [scheduling-1] INFO  c.e.service.general.VacancyLogger - Adding existing vacancy: Разработчик Python at ProfiStaff
2025-06-07 00:47:49 [scheduling-1] INFO  c.e.service.general.VacancyLogger - Adding existing vacancy: Python developer (Senior\Lead) at GETMOBIT
2025-06-07 00:47:49 [scheduling-1] INFO  c.e.service.general.VacancyLogger - Adding existing vacancy: Junior Python Developer at ГК «МТ-Интеграция»
2025-06-07 00:47:49 [scheduling-1] INFO  c.e.service.general.VacancyLogger - Adding existing vacancy: Python-разработчик в MSK at НТехЛаб
2025-06-07 00:47:49 [scheduling-1] INFO  c.e.service.general.VacancyLogger - Adding existing vacancy: Python Developer (ML team) at Домклик
2025-06-07 00:47:49 [scheduling-1] INFO  c.e.service.general.VacancyLogger - Adding existing vacancy: Middle Python Developer at Игроник
2025-06-07 00:47:49 [scheduling-1] INFO  c.e.service.general.VacancyLogger - Adding existing vacancy: Python backend-разработчик at NFCKEY
2025-06-07 00:47:49 [scheduling-1] INFO  c.e.service.general.VacancyLogger - Adding existing vacancy: Python-разработчик (парсинг) at Аптрейд
2025-06-07 00:47:49 [scheduling-1] INFO  c.e.service.general.VacancyLogger - Adding existing vacancy: Python developer at eXpress
2025-06-07 00:47:49 [scheduling-1] INFO  c.e.service.general.VacancyLogger - Adding existing vacancy: Разработчик Python at Ростелеком Информационные Технологии
2025-06-07 00:47:49 [scheduling-1] INFO  c.e.service.general.VacancyLogger - Adding existing vacancy: Python-разработчик (Middle/Senior) at Умскул
2025-06-07 00:47:49 [scheduling-1] INFO  c.e.service.general.VacancyLogger - Adding existing vacancy: Python Engineer (LLM Evaluation & Analytics Engineer) at Воронцова Тамара Александровна
2025-06-07 00:47:49 [scheduling-1] INFO  c.e.service.general.VacancyLogger - Adding existing vacancy: Senior Python Developer at OpenWeather Ltd.
2025-06-07 00:47:49 [scheduling-1] INFO  c.e.service.general.VacancyLogger - Adding existing vacancy: Project-менеджер Python (junior/middle) at i-Media
2025-06-07 00:47:49 [scheduling-1] INFO  c.e.service.general.VacancyLogger - Adding existing vacancy: Python-разработчик at Лаборатория Безопасных Систем
2025-06-07 00:47:49 [scheduling-1] INFO  c.e.service.general.VacancyLogger - Adding existing vacancy: Middle Python backend developer (FastAPI) at РА Дельта
2025-06-07 00:47:49 [scheduling-1] INFO  c.e.service.general.VacancyLogger - Adding existing vacancy: Middle+/Senior Python developer at Спортлевел
2025-06-07 00:47:49 [scheduling-1] INFO  c.e.service.general.VacancyLogger - Adding existing vacancy: Программист-разработчик (Python) at ФАУ Единый институт пространственного планирования РФ
2025-06-07 00:47:49 [scheduling-1] INFO  c.e.service.general.VacancyLogger - Adding existing vacancy: Начинающий Python разработчик (работа с биологическими данными) at ФГБУ ЦСП ФМБА России
2025-06-07 00:47:49 [scheduling-1] INFO  c.e.service.general.VacancyLogger - Adding existing vacancy: Python developer (Проект "Платформа") Офис! at EdgeЦентр
2025-06-07 00:47:49 [scheduling-1] INFO  c.e.service.general.VacancyLogger - Fetching page 0
Hibernate: 
    select
        v1_0.id 
    from
        vacancies v1_0 
    where
        v1_0.link=? 
    fetch
        first ? rows only
Hibernate: 
    select
        v1_0.id 
    from
        vacancies v1_0 
    where
        v1_0.link=? 
    fetch
        first ? rows only
Hibernate: 
    select
        v1_0.id 
    from
        vacancies v1_0 
    where
        v1_0.link=? 
    fetch
        first ? rows only
Hibernate: 
    select
        v1_0.id 
    from
        vacancies v1_0 
    where
        v1_0.link=? 
    fetch
        first ? rows only
Hibernate: 
    select
        v1_0.id 
    from
        vacancies v1_0 
    where
        v1_0.link=? 
    fetch
        first ? rows only
Hibernate: 
    select
        v1_0.id 
    from
        vacancies v1_0 
    where
        v1_0.link=? 
    fetch
        first ? rows only
Hibernate: 
    select
        v1_0.id 
    from
        vacancies v1_0 
    where
        v1_0.link=? 
    fetch
        first ? rows only
Hibernate: 
    select
        v1_0.id 
    from
        vacancies v1_0 
    where
        v1_0.link=? 
    fetch
        first ? rows only
Hibernate: 
    select
        v1_0.id 
    from
        vacancies v1_0 
    where
        v1_0.link=? 
    fetch
        first ? rows only
Hibernate: 
    select
        v1_0.id 
    from
        vacancies v1_0 
    where
        v1_0.link=? 
    fetch
        first ? rows only
Hibernate: 
    select
        v1_0.id 
    from
        vacancies v1_0 
    where
        v1_0.link=? 
    fetch
        first ? rows only
Hibernate: 
    select
        v1_0.id 
    from
        vacancies v1_0 
    where
        v1_0.link=? 
    fetch
        first ? rows only
Hibernate: 
    select
        v1_0.id 
    from
        vacancies v1_0 
    where
        v1_0.link=? 
    fetch
        first ? rows only
Hibernate: 
    select
        v1_0.id 
    from
        vacancies v1_0 
    where
        v1_0.link=? 
    fetch
        first ? rows only
Hibernate: 
    select
        v1_0.id 
    from
        vacancies v1_0 
    where
        v1_0.link=? 
    fetch
        first ? rows only
Hibernate: 
    select
        v1_0.id 
    from
        vacancies v1_0 
    where
        v1_0.link=? 
    fetch
        first ? rows only
Hibernate: 
    select
        v1_0.id 
    from
        vacancies v1_0 
    where
        v1_0.link=? 
    fetch
        first ? rows only
Hibernate: 
    select
        v1_0.id 
    from
        vacancies v1_0 
    where
        v1_0.link=? 
    fetch
        first ? rows only
Hibernate: 
    select
        v1_0.id 
    from
        vacancies v1_0 
    where
        v1_0.link=? 
    fetch
        first ? rows only
Hibernate: 
    select
        v1_0.id 
    from
        vacancies v1_0 
    where
        v1_0.link=? 
    fetch
        first ? rows only
Hibernate: 
    select
        v1_0.id 
    from
        vacancies v1_0 
    where
        v1_0.link=? 
    fetch
        first ? rows only
Hibernate: 
    select
        v1_0.id 
    from
        vacancies v1_0 
    where
        v1_0.link=? 
    fetch
        first ? rows only
Hibernate: 
    select
        v1_0.id 
    from
        vacancies v1_0 
    where
        v1_0.link=? 
    fetch
        first ? rows only
Hibernate: 
    select
        v1_0.id 
    from
        vacancies v1_0 
    where
        v1_0.link=? 
    fetch
        first ? rows only
Hibernate: 
    select
        v1_0.id 
    from
        vacancies v1_0 
    where
        v1_0.link=? 
    fetch
        first ? rows only
Hibernate: 
    select
        v1_0.id 
    from
        vacancies v1_0 
    where
        v1_0.link=? 
    fetch
        first ? rows only
Hibernate: 
    select
        v1_0.id 
    from
        vacancies v1_0 
    where
        v1_0.link=? 
    fetch
        first ? rows only
Hibernate: 
    select
        v1_0.id 
    from
        vacancies v1_0 
    where
        v1_0.link=? 
    fetch
        first ? rows only
Hibernate: 
    select
        v1_0.id 
    from
        vacancies v1_0 
    where
        v1_0.link=? 
    fetch
        first ? rows only
Hibernate: 
    select
        v1_0.id 
    from
        vacancies v1_0 
    where
        v1_0.link=? 
    fetch
        first ? rows only
2025-06-07 00:47:49 [scheduling-1] INFO  c.e.service.general.VacancyLogger - Fetching page 8
2025-06-07 00:47:49 [scheduling-1] INFO  c.e.service.general.VacancyLogger - Fetching page 8
]]></system-out>
  </testcase>
  <testcase name="fetchVacanciesPageDifferentCity" classname="com.example.service.hh.HhApiTest" time="0.002"/>
  <testcase name="fetchVacanciesPageSuccess" classname="com.example.service.hh.HhApiTest" time="0.003"/>
  <testcase name="fetchVacanciesPageSuccess" classname="com.example.service.hh.HhApiTest" time="0.001"/>
  <testcase name="fetchVacanciesPageErrorResponse" classname="com.example.service.hh.HhApiTest" time="0.002"/>
  <testcase name="fetchVacanciesPageErrorResponse" classname="com.example.service.hh.HhApiTest" time="0.001"/>
  <testcase name="fetchVacanciesPageUrlEncoding" classname="com.example.service.hh.HhApiTest" time="0.002"/>
  <testcase name="fetchVacanciesPageUrlEncoding" classname="com.example.service.hh.HhApiTest" time="0.003"/>
</testsuite>